[2023-11-21T00:00:16.834+0000] {processor.py:157} INFO - Started process (PID=4760) to work on /opt/airflow/dags/DAG.py
[2023-11-21T00:00:16.835+0000] {processor.py:829} INFO - Processing file /opt/airflow/dags/DAG.py for tasks to queue
[2023-11-21T00:00:16.837+0000] {logging_mixin.py:154} INFO - [2023-11-21T00:00:16.836+0000] {dagbag.py:536} INFO - Filling up the DagBag from /opt/airflow/dags/DAG.py
[2023-11-21T00:00:16.985+0000] {processor.py:839} INFO - DAG(s) dict_keys(['austin_animal_shelter_dag']) retrieved from /opt/airflow/dags/DAG.py
[2023-11-21T00:00:16.996+0000] {logging_mixin.py:154} INFO - [2023-11-21T00:00:16.996+0000] {dag.py:2941} INFO - Sync 1 DAGs
[2023-11-21T00:00:17.007+0000] {logging_mixin.py:154} INFO - [2023-11-21T00:00:17.007+0000] {dag.py:3722} INFO - Setting next_dagrun for austin_animal_shelter_dag to 2023-11-21T00:00:00+00:00, run_after=2023-11-22T00:00:00+00:00
[2023-11-21T00:00:17.013+0000] {processor.py:179} INFO - Processing /opt/airflow/dags/DAG.py took 0.184 seconds
[2023-11-21T00:00:47.356+0000] {processor.py:157} INFO - Started process (PID=4771) to work on /opt/airflow/dags/DAG.py
[2023-11-21T00:00:47.358+0000] {processor.py:829} INFO - Processing file /opt/airflow/dags/DAG.py for tasks to queue
[2023-11-21T00:00:47.361+0000] {logging_mixin.py:154} INFO - [2023-11-21T00:00:47.360+0000] {dagbag.py:536} INFO - Filling up the DagBag from /opt/airflow/dags/DAG.py
[2023-11-21T00:00:47.533+0000] {processor.py:839} INFO - DAG(s) dict_keys(['austin_animal_shelter_dag']) retrieved from /opt/airflow/dags/DAG.py
[2023-11-21T00:00:47.549+0000] {logging_mixin.py:154} INFO - [2023-11-21T00:00:47.549+0000] {dag.py:2941} INFO - Sync 1 DAGs
[2023-11-21T00:00:47.559+0000] {logging_mixin.py:154} INFO - [2023-11-21T00:00:47.559+0000] {dag.py:3722} INFO - Setting next_dagrun for austin_animal_shelter_dag to 2023-11-21T00:00:00+00:00, run_after=2023-11-22T00:00:00+00:00
[2023-11-21T00:00:47.565+0000] {processor.py:179} INFO - Processing /opt/airflow/dags/DAG.py took 0.213 seconds
[2023-11-21T00:01:17.890+0000] {processor.py:157} INFO - Started process (PID=4782) to work on /opt/airflow/dags/DAG.py
[2023-11-21T00:01:17.891+0000] {processor.py:829} INFO - Processing file /opt/airflow/dags/DAG.py for tasks to queue
[2023-11-21T00:01:17.895+0000] {logging_mixin.py:154} INFO - [2023-11-21T00:01:17.894+0000] {dagbag.py:536} INFO - Filling up the DagBag from /opt/airflow/dags/DAG.py
[2023-11-21T00:01:18.051+0000] {processor.py:839} INFO - DAG(s) dict_keys(['austin_animal_shelter_dag']) retrieved from /opt/airflow/dags/DAG.py
[2023-11-21T00:01:18.063+0000] {logging_mixin.py:154} INFO - [2023-11-21T00:01:18.063+0000] {dag.py:2941} INFO - Sync 1 DAGs
[2023-11-21T00:01:18.071+0000] {logging_mixin.py:154} INFO - [2023-11-21T00:01:18.071+0000] {dag.py:3722} INFO - Setting next_dagrun for austin_animal_shelter_dag to 2023-11-21T00:00:00+00:00, run_after=2023-11-22T00:00:00+00:00
[2023-11-21T00:01:18.170+0000] {processor.py:179} INFO - Processing /opt/airflow/dags/DAG.py took 0.284 seconds
[2023-11-21T00:01:48.382+0000] {processor.py:157} INFO - Started process (PID=4793) to work on /opt/airflow/dags/DAG.py
[2023-11-21T00:01:48.383+0000] {processor.py:829} INFO - Processing file /opt/airflow/dags/DAG.py for tasks to queue
[2023-11-21T00:01:48.385+0000] {logging_mixin.py:154} INFO - [2023-11-21T00:01:48.385+0000] {dagbag.py:536} INFO - Filling up the DagBag from /opt/airflow/dags/DAG.py
[2023-11-21T00:01:48.560+0000] {processor.py:839} INFO - DAG(s) dict_keys(['austin_animal_shelter_dag']) retrieved from /opt/airflow/dags/DAG.py
[2023-11-21T00:01:48.573+0000] {logging_mixin.py:154} INFO - [2023-11-21T00:01:48.572+0000] {dag.py:2941} INFO - Sync 1 DAGs
[2023-11-21T00:01:48.583+0000] {logging_mixin.py:154} INFO - [2023-11-21T00:01:48.583+0000] {dag.py:3722} INFO - Setting next_dagrun for austin_animal_shelter_dag to 2023-11-21T00:00:00+00:00, run_after=2023-11-22T00:00:00+00:00
[2023-11-21T00:01:48.589+0000] {processor.py:179} INFO - Processing /opt/airflow/dags/DAG.py took 0.210 seconds
[2023-11-21T00:02:18.875+0000] {processor.py:157} INFO - Started process (PID=4804) to work on /opt/airflow/dags/DAG.py
[2023-11-21T00:02:18.876+0000] {processor.py:829} INFO - Processing file /opt/airflow/dags/DAG.py for tasks to queue
[2023-11-21T00:02:18.877+0000] {logging_mixin.py:154} INFO - [2023-11-21T00:02:18.877+0000] {dagbag.py:536} INFO - Filling up the DagBag from /opt/airflow/dags/DAG.py
[2023-11-21T00:02:19.045+0000] {processor.py:839} INFO - DAG(s) dict_keys(['austin_animal_shelter_dag']) retrieved from /opt/airflow/dags/DAG.py
[2023-11-21T00:02:19.059+0000] {logging_mixin.py:154} INFO - [2023-11-21T00:02:19.059+0000] {dag.py:2941} INFO - Sync 1 DAGs
[2023-11-21T00:02:19.068+0000] {logging_mixin.py:154} INFO - [2023-11-21T00:02:19.068+0000] {dag.py:3722} INFO - Setting next_dagrun for austin_animal_shelter_dag to 2023-11-21T00:00:00+00:00, run_after=2023-11-22T00:00:00+00:00
[2023-11-21T00:02:19.076+0000] {processor.py:179} INFO - Processing /opt/airflow/dags/DAG.py took 0.202 seconds
[2023-11-21T00:02:49.481+0000] {processor.py:157} INFO - Started process (PID=4815) to work on /opt/airflow/dags/DAG.py
[2023-11-21T00:02:49.481+0000] {processor.py:829} INFO - Processing file /opt/airflow/dags/DAG.py for tasks to queue
[2023-11-21T00:02:49.482+0000] {logging_mixin.py:154} INFO - [2023-11-21T00:02:49.482+0000] {dagbag.py:536} INFO - Filling up the DagBag from /opt/airflow/dags/DAG.py
[2023-11-21T00:02:49.624+0000] {processor.py:839} INFO - DAG(s) dict_keys(['austin_animal_shelter_dag']) retrieved from /opt/airflow/dags/DAG.py
[2023-11-21T00:02:49.635+0000] {logging_mixin.py:154} INFO - [2023-11-21T00:02:49.635+0000] {dag.py:2941} INFO - Sync 1 DAGs
[2023-11-21T00:02:49.643+0000] {logging_mixin.py:154} INFO - [2023-11-21T00:02:49.643+0000] {dag.py:3722} INFO - Setting next_dagrun for austin_animal_shelter_dag to 2023-11-21T00:00:00+00:00, run_after=2023-11-22T00:00:00+00:00
[2023-11-21T00:02:49.721+0000] {processor.py:179} INFO - Processing /opt/airflow/dags/DAG.py took 0.242 seconds
[2023-11-21T00:03:19.984+0000] {processor.py:157} INFO - Started process (PID=4826) to work on /opt/airflow/dags/DAG.py
[2023-11-21T00:03:19.984+0000] {processor.py:829} INFO - Processing file /opt/airflow/dags/DAG.py for tasks to queue
[2023-11-21T00:03:19.987+0000] {logging_mixin.py:154} INFO - [2023-11-21T00:03:19.986+0000] {dagbag.py:536} INFO - Filling up the DagBag from /opt/airflow/dags/DAG.py
[2023-11-21T00:03:20.133+0000] {processor.py:839} INFO - DAG(s) dict_keys(['austin_animal_shelter_dag']) retrieved from /opt/airflow/dags/DAG.py
[2023-11-21T00:03:20.144+0000] {logging_mixin.py:154} INFO - [2023-11-21T00:03:20.144+0000] {dag.py:2941} INFO - Sync 1 DAGs
[2023-11-21T00:03:20.225+0000] {logging_mixin.py:154} INFO - [2023-11-21T00:03:20.225+0000] {dag.py:3722} INFO - Setting next_dagrun for austin_animal_shelter_dag to 2023-11-21T00:00:00+00:00, run_after=2023-11-22T00:00:00+00:00
[2023-11-21T00:03:20.232+0000] {processor.py:179} INFO - Processing /opt/airflow/dags/DAG.py took 0.251 seconds
[2023-11-21T00:03:50.517+0000] {processor.py:157} INFO - Started process (PID=4837) to work on /opt/airflow/dags/DAG.py
[2023-11-21T00:03:50.518+0000] {processor.py:829} INFO - Processing file /opt/airflow/dags/DAG.py for tasks to queue
[2023-11-21T00:03:50.520+0000] {logging_mixin.py:154} INFO - [2023-11-21T00:03:50.520+0000] {dagbag.py:536} INFO - Filling up the DagBag from /opt/airflow/dags/DAG.py
[2023-11-21T00:03:50.721+0000] {processor.py:839} INFO - DAG(s) dict_keys(['austin_animal_shelter_dag']) retrieved from /opt/airflow/dags/DAG.py
[2023-11-21T00:03:50.738+0000] {logging_mixin.py:154} INFO - [2023-11-21T00:03:50.738+0000] {dag.py:2941} INFO - Sync 1 DAGs
[2023-11-21T00:03:50.750+0000] {logging_mixin.py:154} INFO - [2023-11-21T00:03:50.750+0000] {dag.py:3722} INFO - Setting next_dagrun for austin_animal_shelter_dag to 2023-11-21T00:00:00+00:00, run_after=2023-11-22T00:00:00+00:00
[2023-11-21T00:03:50.759+0000] {processor.py:179} INFO - Processing /opt/airflow/dags/DAG.py took 0.246 seconds
[2023-11-21T00:04:21.039+0000] {processor.py:157} INFO - Started process (PID=4848) to work on /opt/airflow/dags/DAG.py
[2023-11-21T00:04:21.040+0000] {processor.py:829} INFO - Processing file /opt/airflow/dags/DAG.py for tasks to queue
[2023-11-21T00:04:21.043+0000] {logging_mixin.py:154} INFO - [2023-11-21T00:04:21.043+0000] {dagbag.py:536} INFO - Filling up the DagBag from /opt/airflow/dags/DAG.py
[2023-11-21T00:04:21.246+0000] {processor.py:839} INFO - DAG(s) dict_keys(['austin_animal_shelter_dag']) retrieved from /opt/airflow/dags/DAG.py
[2023-11-21T00:04:21.261+0000] {logging_mixin.py:154} INFO - [2023-11-21T00:04:21.260+0000] {dag.py:2941} INFO - Sync 1 DAGs
[2023-11-21T00:04:21.272+0000] {logging_mixin.py:154} INFO - [2023-11-21T00:04:21.272+0000] {dag.py:3722} INFO - Setting next_dagrun for austin_animal_shelter_dag to 2023-11-21T00:00:00+00:00, run_after=2023-11-22T00:00:00+00:00
[2023-11-21T00:04:21.357+0000] {processor.py:179} INFO - Processing /opt/airflow/dags/DAG.py took 0.322 seconds
[2023-11-21T00:04:51.587+0000] {processor.py:157} INFO - Started process (PID=4859) to work on /opt/airflow/dags/DAG.py
[2023-11-21T00:04:51.588+0000] {processor.py:829} INFO - Processing file /opt/airflow/dags/DAG.py for tasks to queue
[2023-11-21T00:04:51.591+0000] {logging_mixin.py:154} INFO - [2023-11-21T00:04:51.591+0000] {dagbag.py:536} INFO - Filling up the DagBag from /opt/airflow/dags/DAG.py
[2023-11-21T00:04:51.774+0000] {processor.py:839} INFO - DAG(s) dict_keys(['austin_animal_shelter_dag']) retrieved from /opt/airflow/dags/DAG.py
[2023-11-21T00:04:51.786+0000] {logging_mixin.py:154} INFO - [2023-11-21T00:04:51.786+0000] {dag.py:2941} INFO - Sync 1 DAGs
[2023-11-21T00:04:51.905+0000] {logging_mixin.py:154} INFO - [2023-11-21T00:04:51.905+0000] {dag.py:3722} INFO - Setting next_dagrun for austin_animal_shelter_dag to 2023-11-21T00:00:00+00:00, run_after=2023-11-22T00:00:00+00:00
[2023-11-21T00:04:51.911+0000] {processor.py:179} INFO - Processing /opt/airflow/dags/DAG.py took 0.329 seconds
[2023-11-21T00:05:22.121+0000] {processor.py:157} INFO - Started process (PID=4870) to work on /opt/airflow/dags/DAG.py
[2023-11-21T00:05:22.123+0000] {processor.py:829} INFO - Processing file /opt/airflow/dags/DAG.py for tasks to queue
[2023-11-21T00:05:22.125+0000] {logging_mixin.py:154} INFO - [2023-11-21T00:05:22.125+0000] {dagbag.py:536} INFO - Filling up the DagBag from /opt/airflow/dags/DAG.py
[2023-11-21T00:05:22.281+0000] {processor.py:839} INFO - DAG(s) dict_keys(['austin_animal_shelter_dag']) retrieved from /opt/airflow/dags/DAG.py
[2023-11-21T00:05:22.292+0000] {logging_mixin.py:154} INFO - [2023-11-21T00:05:22.292+0000] {dag.py:2941} INFO - Sync 1 DAGs
[2023-11-21T00:05:22.300+0000] {logging_mixin.py:154} INFO - [2023-11-21T00:05:22.300+0000] {dag.py:3722} INFO - Setting next_dagrun for austin_animal_shelter_dag to 2023-11-21T00:00:00+00:00, run_after=2023-11-22T00:00:00+00:00
[2023-11-21T00:05:22.306+0000] {processor.py:179} INFO - Processing /opt/airflow/dags/DAG.py took 0.189 seconds
[2023-11-21T00:05:52.615+0000] {processor.py:157} INFO - Started process (PID=4881) to work on /opt/airflow/dags/DAG.py
[2023-11-21T00:05:52.616+0000] {processor.py:829} INFO - Processing file /opt/airflow/dags/DAG.py for tasks to queue
[2023-11-21T00:05:52.618+0000] {logging_mixin.py:154} INFO - [2023-11-21T00:05:52.618+0000] {dagbag.py:536} INFO - Filling up the DagBag from /opt/airflow/dags/DAG.py
[2023-11-21T00:05:52.770+0000] {processor.py:839} INFO - DAG(s) dict_keys(['austin_animal_shelter_dag']) retrieved from /opt/airflow/dags/DAG.py
[2023-11-21T00:05:52.781+0000] {logging_mixin.py:154} INFO - [2023-11-21T00:05:52.781+0000] {dag.py:2941} INFO - Sync 1 DAGs
[2023-11-21T00:05:52.789+0000] {logging_mixin.py:154} INFO - [2023-11-21T00:05:52.789+0000] {dag.py:3722} INFO - Setting next_dagrun for austin_animal_shelter_dag to 2023-11-21T00:00:00+00:00, run_after=2023-11-22T00:00:00+00:00
[2023-11-21T00:05:52.874+0000] {processor.py:179} INFO - Processing /opt/airflow/dags/DAG.py took 0.262 seconds
[2023-11-21T00:06:23.131+0000] {processor.py:157} INFO - Started process (PID=4892) to work on /opt/airflow/dags/DAG.py
[2023-11-21T00:06:23.132+0000] {processor.py:829} INFO - Processing file /opt/airflow/dags/DAG.py for tasks to queue
[2023-11-21T00:06:23.134+0000] {logging_mixin.py:154} INFO - [2023-11-21T00:06:23.134+0000] {dagbag.py:536} INFO - Filling up the DagBag from /opt/airflow/dags/DAG.py
[2023-11-21T00:06:23.278+0000] {processor.py:839} INFO - DAG(s) dict_keys(['austin_animal_shelter_dag']) retrieved from /opt/airflow/dags/DAG.py
[2023-11-21T00:06:23.289+0000] {logging_mixin.py:154} INFO - [2023-11-21T00:06:23.288+0000] {dag.py:2941} INFO - Sync 1 DAGs
[2023-11-21T00:06:23.367+0000] {logging_mixin.py:154} INFO - [2023-11-21T00:06:23.367+0000] {dag.py:3722} INFO - Setting next_dagrun for austin_animal_shelter_dag to 2023-11-21T00:00:00+00:00, run_after=2023-11-22T00:00:00+00:00
[2023-11-21T00:06:23.373+0000] {processor.py:179} INFO - Processing /opt/airflow/dags/DAG.py took 0.245 seconds
[2023-11-21T00:06:53.646+0000] {processor.py:157} INFO - Started process (PID=4903) to work on /opt/airflow/dags/DAG.py
[2023-11-21T00:06:53.646+0000] {processor.py:829} INFO - Processing file /opt/airflow/dags/DAG.py for tasks to queue
[2023-11-21T00:06:53.648+0000] {logging_mixin.py:154} INFO - [2023-11-21T00:06:53.648+0000] {dagbag.py:536} INFO - Filling up the DagBag from /opt/airflow/dags/DAG.py
[2023-11-21T00:06:53.791+0000] {processor.py:839} INFO - DAG(s) dict_keys(['austin_animal_shelter_dag']) retrieved from /opt/airflow/dags/DAG.py
[2023-11-21T00:06:53.804+0000] {logging_mixin.py:154} INFO - [2023-11-21T00:06:53.804+0000] {dag.py:2941} INFO - Sync 1 DAGs
[2023-11-21T00:06:53.813+0000] {logging_mixin.py:154} INFO - [2023-11-21T00:06:53.813+0000] {dag.py:3722} INFO - Setting next_dagrun for austin_animal_shelter_dag to 2023-11-21T00:00:00+00:00, run_after=2023-11-22T00:00:00+00:00
[2023-11-21T00:06:53.820+0000] {processor.py:179} INFO - Processing /opt/airflow/dags/DAG.py took 0.177 seconds
[2023-11-21T00:07:24.141+0000] {processor.py:157} INFO - Started process (PID=4914) to work on /opt/airflow/dags/DAG.py
[2023-11-21T00:07:24.142+0000] {processor.py:829} INFO - Processing file /opt/airflow/dags/DAG.py for tasks to queue
[2023-11-21T00:07:24.144+0000] {logging_mixin.py:154} INFO - [2023-11-21T00:07:24.144+0000] {dagbag.py:536} INFO - Filling up the DagBag from /opt/airflow/dags/DAG.py
[2023-11-21T00:07:24.296+0000] {processor.py:839} INFO - DAG(s) dict_keys(['austin_animal_shelter_dag']) retrieved from /opt/airflow/dags/DAG.py
[2023-11-21T00:07:24.308+0000] {logging_mixin.py:154} INFO - [2023-11-21T00:07:24.308+0000] {dag.py:2941} INFO - Sync 1 DAGs
[2023-11-21T00:07:24.317+0000] {logging_mixin.py:154} INFO - [2023-11-21T00:07:24.317+0000] {dag.py:3722} INFO - Setting next_dagrun for austin_animal_shelter_dag to 2023-11-21T00:00:00+00:00, run_after=2023-11-22T00:00:00+00:00
[2023-11-21T00:07:24.396+0000] {processor.py:179} INFO - Processing /opt/airflow/dags/DAG.py took 0.259 seconds
[2023-11-21T00:07:54.668+0000] {processor.py:157} INFO - Started process (PID=4925) to work on /opt/airflow/dags/DAG.py
[2023-11-21T00:07:54.669+0000] {processor.py:829} INFO - Processing file /opt/airflow/dags/DAG.py for tasks to queue
[2023-11-21T00:07:54.672+0000] {logging_mixin.py:154} INFO - [2023-11-21T00:07:54.671+0000] {dagbag.py:536} INFO - Filling up the DagBag from /opt/airflow/dags/DAG.py
[2023-11-21T00:07:54.825+0000] {processor.py:839} INFO - DAG(s) dict_keys(['austin_animal_shelter_dag']) retrieved from /opt/airflow/dags/DAG.py
[2023-11-21T00:07:54.837+0000] {logging_mixin.py:154} INFO - [2023-11-21T00:07:54.837+0000] {dag.py:2941} INFO - Sync 1 DAGs
[2023-11-21T00:07:54.915+0000] {logging_mixin.py:154} INFO - [2023-11-21T00:07:54.915+0000] {dag.py:3722} INFO - Setting next_dagrun for austin_animal_shelter_dag to 2023-11-21T00:00:00+00:00, run_after=2023-11-22T00:00:00+00:00
[2023-11-21T00:07:54.921+0000] {processor.py:179} INFO - Processing /opt/airflow/dags/DAG.py took 0.257 seconds
[2023-11-21T00:08:25.188+0000] {processor.py:157} INFO - Started process (PID=4936) to work on /opt/airflow/dags/DAG.py
[2023-11-21T00:08:25.189+0000] {processor.py:829} INFO - Processing file /opt/airflow/dags/DAG.py for tasks to queue
[2023-11-21T00:08:25.191+0000] {logging_mixin.py:154} INFO - [2023-11-21T00:08:25.191+0000] {dagbag.py:536} INFO - Filling up the DagBag from /opt/airflow/dags/DAG.py
[2023-11-21T00:08:25.335+0000] {processor.py:839} INFO - DAG(s) dict_keys(['austin_animal_shelter_dag']) retrieved from /opt/airflow/dags/DAG.py
[2023-11-21T00:08:25.346+0000] {logging_mixin.py:154} INFO - [2023-11-21T00:08:25.345+0000] {dag.py:2941} INFO - Sync 1 DAGs
[2023-11-21T00:08:25.353+0000] {logging_mixin.py:154} INFO - [2023-11-21T00:08:25.353+0000] {dag.py:3722} INFO - Setting next_dagrun for austin_animal_shelter_dag to 2023-11-21T00:00:00+00:00, run_after=2023-11-22T00:00:00+00:00
[2023-11-21T00:08:25.360+0000] {processor.py:179} INFO - Processing /opt/airflow/dags/DAG.py took 0.175 seconds
[2023-11-21T00:08:55.730+0000] {processor.py:157} INFO - Started process (PID=4947) to work on /opt/airflow/dags/DAG.py
[2023-11-21T00:08:55.731+0000] {processor.py:829} INFO - Processing file /opt/airflow/dags/DAG.py for tasks to queue
[2023-11-21T00:08:55.733+0000] {logging_mixin.py:154} INFO - [2023-11-21T00:08:55.733+0000] {dagbag.py:536} INFO - Filling up the DagBag from /opt/airflow/dags/DAG.py
[2023-11-21T00:08:55.875+0000] {processor.py:839} INFO - DAG(s) dict_keys(['austin_animal_shelter_dag']) retrieved from /opt/airflow/dags/DAG.py
[2023-11-21T00:08:55.886+0000] {logging_mixin.py:154} INFO - [2023-11-21T00:08:55.886+0000] {dag.py:2941} INFO - Sync 1 DAGs
[2023-11-21T00:08:55.894+0000] {logging_mixin.py:154} INFO - [2023-11-21T00:08:55.894+0000] {dag.py:3722} INFO - Setting next_dagrun for austin_animal_shelter_dag to 2023-11-21T00:00:00+00:00, run_after=2023-11-22T00:00:00+00:00
[2023-11-21T00:08:55.972+0000] {processor.py:179} INFO - Processing /opt/airflow/dags/DAG.py took 0.245 seconds
[2023-11-21T00:09:26.180+0000] {processor.py:157} INFO - Started process (PID=4958) to work on /opt/airflow/dags/DAG.py
[2023-11-21T00:09:26.181+0000] {processor.py:829} INFO - Processing file /opt/airflow/dags/DAG.py for tasks to queue
[2023-11-21T00:09:26.182+0000] {logging_mixin.py:154} INFO - [2023-11-21T00:09:26.182+0000] {dagbag.py:536} INFO - Filling up the DagBag from /opt/airflow/dags/DAG.py
[2023-11-21T00:09:26.344+0000] {processor.py:839} INFO - DAG(s) dict_keys(['austin_animal_shelter_dag']) retrieved from /opt/airflow/dags/DAG.py
[2023-11-21T00:09:26.355+0000] {logging_mixin.py:154} INFO - [2023-11-21T00:09:26.354+0000] {dag.py:2941} INFO - Sync 1 DAGs
[2023-11-21T00:09:26.454+0000] {logging_mixin.py:154} INFO - [2023-11-21T00:09:26.454+0000] {dag.py:3722} INFO - Setting next_dagrun for austin_animal_shelter_dag to 2023-11-21T00:00:00+00:00, run_after=2023-11-22T00:00:00+00:00
[2023-11-21T00:09:26.460+0000] {processor.py:179} INFO - Processing /opt/airflow/dags/DAG.py took 0.282 seconds
[2023-11-21T00:09:56.688+0000] {processor.py:157} INFO - Started process (PID=4969) to work on /opt/airflow/dags/DAG.py
[2023-11-21T00:09:56.689+0000] {processor.py:829} INFO - Processing file /opt/airflow/dags/DAG.py for tasks to queue
[2023-11-21T00:09:56.690+0000] {logging_mixin.py:154} INFO - [2023-11-21T00:09:56.690+0000] {dagbag.py:536} INFO - Filling up the DagBag from /opt/airflow/dags/DAG.py
[2023-11-21T00:09:56.848+0000] {processor.py:839} INFO - DAG(s) dict_keys(['austin_animal_shelter_dag']) retrieved from /opt/airflow/dags/DAG.py
[2023-11-21T00:09:56.934+0000] {logging_mixin.py:154} INFO - [2023-11-21T00:09:56.934+0000] {dag.py:2941} INFO - Sync 1 DAGs
[2023-11-21T00:09:56.942+0000] {logging_mixin.py:154} INFO - [2023-11-21T00:09:56.942+0000] {dag.py:3722} INFO - Setting next_dagrun for austin_animal_shelter_dag to 2023-11-21T00:00:00+00:00, run_after=2023-11-22T00:00:00+00:00
[2023-11-21T00:09:56.948+0000] {processor.py:179} INFO - Processing /opt/airflow/dags/DAG.py took 0.262 seconds
[2023-11-21T00:10:27.196+0000] {processor.py:157} INFO - Started process (PID=4980) to work on /opt/airflow/dags/DAG.py
[2023-11-21T00:10:27.197+0000] {processor.py:829} INFO - Processing file /opt/airflow/dags/DAG.py for tasks to queue
[2023-11-21T00:10:27.199+0000] {logging_mixin.py:154} INFO - [2023-11-21T00:10:27.199+0000] {dagbag.py:536} INFO - Filling up the DagBag from /opt/airflow/dags/DAG.py
[2023-11-21T00:10:27.392+0000] {processor.py:839} INFO - DAG(s) dict_keys(['austin_animal_shelter_dag']) retrieved from /opt/airflow/dags/DAG.py
[2023-11-21T00:10:27.406+0000] {logging_mixin.py:154} INFO - [2023-11-21T00:10:27.406+0000] {dag.py:2941} INFO - Sync 1 DAGs
[2023-11-21T00:10:27.418+0000] {logging_mixin.py:154} INFO - [2023-11-21T00:10:27.418+0000] {dag.py:3722} INFO - Setting next_dagrun for austin_animal_shelter_dag to 2023-11-21T00:00:00+00:00, run_after=2023-11-22T00:00:00+00:00
[2023-11-21T00:10:27.510+0000] {processor.py:179} INFO - Processing /opt/airflow/dags/DAG.py took 0.318 seconds
[2023-11-21T00:10:57.715+0000] {processor.py:157} INFO - Started process (PID=4991) to work on /opt/airflow/dags/DAG.py
[2023-11-21T00:10:57.716+0000] {processor.py:829} INFO - Processing file /opt/airflow/dags/DAG.py for tasks to queue
[2023-11-21T00:10:57.718+0000] {logging_mixin.py:154} INFO - [2023-11-21T00:10:57.718+0000] {dagbag.py:536} INFO - Filling up the DagBag from /opt/airflow/dags/DAG.py
[2023-11-21T00:10:57.877+0000] {processor.py:839} INFO - DAG(s) dict_keys(['austin_animal_shelter_dag']) retrieved from /opt/airflow/dags/DAG.py
[2023-11-21T00:10:57.890+0000] {logging_mixin.py:154} INFO - [2023-11-21T00:10:57.890+0000] {dag.py:2941} INFO - Sync 1 DAGs
[2023-11-21T00:10:57.969+0000] {logging_mixin.py:154} INFO - [2023-11-21T00:10:57.969+0000] {dag.py:3722} INFO - Setting next_dagrun for austin_animal_shelter_dag to 2023-11-21T00:00:00+00:00, run_after=2023-11-22T00:00:00+00:00
[2023-11-21T00:10:57.975+0000] {processor.py:179} INFO - Processing /opt/airflow/dags/DAG.py took 0.264 seconds
[2023-11-21T00:11:28.257+0000] {processor.py:157} INFO - Started process (PID=5002) to work on /opt/airflow/dags/DAG.py
[2023-11-21T00:11:28.258+0000] {processor.py:829} INFO - Processing file /opt/airflow/dags/DAG.py for tasks to queue
[2023-11-21T00:11:28.261+0000] {logging_mixin.py:154} INFO - [2023-11-21T00:11:28.261+0000] {dagbag.py:536} INFO - Filling up the DagBag from /opt/airflow/dags/DAG.py
[2023-11-21T00:11:28.433+0000] {processor.py:839} INFO - DAG(s) dict_keys(['austin_animal_shelter_dag']) retrieved from /opt/airflow/dags/DAG.py
[2023-11-21T00:11:28.541+0000] {logging_mixin.py:154} INFO - [2023-11-21T00:11:28.540+0000] {dag.py:2941} INFO - Sync 1 DAGs
[2023-11-21T00:11:28.550+0000] {logging_mixin.py:154} INFO - [2023-11-21T00:11:28.550+0000] {dag.py:3722} INFO - Setting next_dagrun for austin_animal_shelter_dag to 2023-11-21T00:00:00+00:00, run_after=2023-11-22T00:00:00+00:00
[2023-11-21T00:11:28.559+0000] {processor.py:179} INFO - Processing /opt/airflow/dags/DAG.py took 0.307 seconds
[2023-11-21T00:11:58.833+0000] {processor.py:157} INFO - Started process (PID=5013) to work on /opt/airflow/dags/DAG.py
[2023-11-21T00:11:58.834+0000] {processor.py:829} INFO - Processing file /opt/airflow/dags/DAG.py for tasks to queue
[2023-11-21T00:11:58.836+0000] {logging_mixin.py:154} INFO - [2023-11-21T00:11:58.836+0000] {dagbag.py:536} INFO - Filling up the DagBag from /opt/airflow/dags/DAG.py
[2023-11-21T00:11:58.980+0000] {processor.py:839} INFO - DAG(s) dict_keys(['austin_animal_shelter_dag']) retrieved from /opt/airflow/dags/DAG.py
[2023-11-21T00:11:58.992+0000] {logging_mixin.py:154} INFO - [2023-11-21T00:11:58.992+0000] {dag.py:2941} INFO - Sync 1 DAGs
[2023-11-21T00:11:59.000+0000] {logging_mixin.py:154} INFO - [2023-11-21T00:11:59.000+0000] {dag.py:3722} INFO - Setting next_dagrun for austin_animal_shelter_dag to 2023-11-21T00:00:00+00:00, run_after=2023-11-22T00:00:00+00:00
[2023-11-21T00:11:59.077+0000] {processor.py:179} INFO - Processing /opt/airflow/dags/DAG.py took 0.248 seconds
[2023-11-21T00:12:29.316+0000] {processor.py:157} INFO - Started process (PID=5024) to work on /opt/airflow/dags/DAG.py
[2023-11-21T00:12:29.317+0000] {processor.py:829} INFO - Processing file /opt/airflow/dags/DAG.py for tasks to queue
[2023-11-21T00:12:29.320+0000] {logging_mixin.py:154} INFO - [2023-11-21T00:12:29.320+0000] {dagbag.py:536} INFO - Filling up the DagBag from /opt/airflow/dags/DAG.py
[2023-11-21T00:12:29.479+0000] {processor.py:839} INFO - DAG(s) dict_keys(['austin_animal_shelter_dag']) retrieved from /opt/airflow/dags/DAG.py
[2023-11-21T00:12:29.490+0000] {logging_mixin.py:154} INFO - [2023-11-21T00:12:29.490+0000] {dag.py:2941} INFO - Sync 1 DAGs
[2023-11-21T00:12:29.571+0000] {logging_mixin.py:154} INFO - [2023-11-21T00:12:29.571+0000] {dag.py:3722} INFO - Setting next_dagrun for austin_animal_shelter_dag to 2023-11-21T00:00:00+00:00, run_after=2023-11-22T00:00:00+00:00
[2023-11-21T00:12:29.578+0000] {processor.py:179} INFO - Processing /opt/airflow/dags/DAG.py took 0.265 seconds
[2023-11-21T00:12:59.906+0000] {processor.py:157} INFO - Started process (PID=5035) to work on /opt/airflow/dags/DAG.py
[2023-11-21T00:12:59.907+0000] {processor.py:829} INFO - Processing file /opt/airflow/dags/DAG.py for tasks to queue
[2023-11-21T00:12:59.909+0000] {logging_mixin.py:154} INFO - [2023-11-21T00:12:59.909+0000] {dagbag.py:536} INFO - Filling up the DagBag from /opt/airflow/dags/DAG.py
[2023-11-21T00:13:00.067+0000] {processor.py:839} INFO - DAG(s) dict_keys(['austin_animal_shelter_dag']) retrieved from /opt/airflow/dags/DAG.py
[2023-11-21T00:13:00.169+0000] {logging_mixin.py:154} INFO - [2023-11-21T00:13:00.169+0000] {dag.py:2941} INFO - Sync 1 DAGs
[2023-11-21T00:13:00.176+0000] {logging_mixin.py:154} INFO - [2023-11-21T00:13:00.176+0000] {dag.py:3722} INFO - Setting next_dagrun for austin_animal_shelter_dag to 2023-11-21T00:00:00+00:00, run_after=2023-11-22T00:00:00+00:00
[2023-11-21T00:13:00.182+0000] {processor.py:179} INFO - Processing /opt/airflow/dags/DAG.py took 0.280 seconds
[2023-11-21T00:13:30.472+0000] {processor.py:157} INFO - Started process (PID=5046) to work on /opt/airflow/dags/DAG.py
[2023-11-21T00:13:30.473+0000] {processor.py:829} INFO - Processing file /opt/airflow/dags/DAG.py for tasks to queue
[2023-11-21T00:13:30.475+0000] {logging_mixin.py:154} INFO - [2023-11-21T00:13:30.475+0000] {dagbag.py:536} INFO - Filling up the DagBag from /opt/airflow/dags/DAG.py
[2023-11-21T00:13:30.724+0000] {processor.py:839} INFO - DAG(s) dict_keys(['austin_animal_shelter_dag']) retrieved from /opt/airflow/dags/DAG.py
[2023-11-21T00:13:30.734+0000] {logging_mixin.py:154} INFO - [2023-11-21T00:13:30.733+0000] {dag.py:2941} INFO - Sync 1 DAGs
[2023-11-21T00:13:30.741+0000] {logging_mixin.py:154} INFO - [2023-11-21T00:13:30.741+0000] {dag.py:3722} INFO - Setting next_dagrun for austin_animal_shelter_dag to 2023-11-21T00:00:00+00:00, run_after=2023-11-22T00:00:00+00:00
[2023-11-21T00:13:30.747+0000] {processor.py:179} INFO - Processing /opt/airflow/dags/DAG.py took 0.278 seconds
[2023-11-21T00:14:01.145+0000] {processor.py:157} INFO - Started process (PID=5057) to work on /opt/airflow/dags/DAG.py
[2023-11-21T00:14:01.146+0000] {processor.py:829} INFO - Processing file /opt/airflow/dags/DAG.py for tasks to queue
[2023-11-21T00:14:01.148+0000] {logging_mixin.py:154} INFO - [2023-11-21T00:14:01.148+0000] {dagbag.py:536} INFO - Filling up the DagBag from /opt/airflow/dags/DAG.py
[2023-11-21T00:14:01.296+0000] {processor.py:839} INFO - DAG(s) dict_keys(['austin_animal_shelter_dag']) retrieved from /opt/airflow/dags/DAG.py
[2023-11-21T00:14:01.306+0000] {logging_mixin.py:154} INFO - [2023-11-21T00:14:01.306+0000] {dag.py:2941} INFO - Sync 1 DAGs
[2023-11-21T00:14:01.384+0000] {logging_mixin.py:154} INFO - [2023-11-21T00:14:01.384+0000] {dag.py:3722} INFO - Setting next_dagrun for austin_animal_shelter_dag to 2023-11-21T00:00:00+00:00, run_after=2023-11-22T00:00:00+00:00
[2023-11-21T00:14:01.390+0000] {processor.py:179} INFO - Processing /opt/airflow/dags/DAG.py took 0.249 seconds
[2023-11-21T00:14:31.651+0000] {processor.py:157} INFO - Started process (PID=5068) to work on /opt/airflow/dags/DAG.py
[2023-11-21T00:14:31.652+0000] {processor.py:829} INFO - Processing file /opt/airflow/dags/DAG.py for tasks to queue
[2023-11-21T00:14:31.655+0000] {logging_mixin.py:154} INFO - [2023-11-21T00:14:31.655+0000] {dagbag.py:536} INFO - Filling up the DagBag from /opt/airflow/dags/DAG.py
[2023-11-21T00:14:31.805+0000] {processor.py:839} INFO - DAG(s) dict_keys(['austin_animal_shelter_dag']) retrieved from /opt/airflow/dags/DAG.py
[2023-11-21T00:14:31.884+0000] {logging_mixin.py:154} INFO - [2023-11-21T00:14:31.884+0000] {dag.py:2941} INFO - Sync 1 DAGs
[2023-11-21T00:14:31.891+0000] {logging_mixin.py:154} INFO - [2023-11-21T00:14:31.891+0000] {dag.py:3722} INFO - Setting next_dagrun for austin_animal_shelter_dag to 2023-11-21T00:00:00+00:00, run_after=2023-11-22T00:00:00+00:00
[2023-11-21T00:14:31.897+0000] {processor.py:179} INFO - Processing /opt/airflow/dags/DAG.py took 0.249 seconds
[2023-11-21T00:15:02.207+0000] {processor.py:157} INFO - Started process (PID=5079) to work on /opt/airflow/dags/DAG.py
[2023-11-21T00:15:02.208+0000] {processor.py:829} INFO - Processing file /opt/airflow/dags/DAG.py for tasks to queue
[2023-11-21T00:15:02.210+0000] {logging_mixin.py:154} INFO - [2023-11-21T00:15:02.209+0000] {dagbag.py:536} INFO - Filling up the DagBag from /opt/airflow/dags/DAG.py
[2023-11-21T00:15:02.455+0000] {processor.py:839} INFO - DAG(s) dict_keys(['austin_animal_shelter_dag']) retrieved from /opt/airflow/dags/DAG.py
[2023-11-21T00:15:02.465+0000] {logging_mixin.py:154} INFO - [2023-11-21T00:15:02.464+0000] {dag.py:2941} INFO - Sync 1 DAGs
[2023-11-21T00:15:02.472+0000] {logging_mixin.py:154} INFO - [2023-11-21T00:15:02.472+0000] {dag.py:3722} INFO - Setting next_dagrun for austin_animal_shelter_dag to 2023-11-21T00:00:00+00:00, run_after=2023-11-22T00:00:00+00:00
[2023-11-21T00:15:02.479+0000] {processor.py:179} INFO - Processing /opt/airflow/dags/DAG.py took 0.275 seconds
[2023-11-21T00:15:33.077+0000] {processor.py:157} INFO - Started process (PID=5097) to work on /opt/airflow/dags/DAG.py
[2023-11-21T00:15:33.077+0000] {processor.py:829} INFO - Processing file /opt/airflow/dags/DAG.py for tasks to queue
[2023-11-21T00:15:33.079+0000] {logging_mixin.py:154} INFO - [2023-11-21T00:15:33.079+0000] {dagbag.py:536} INFO - Filling up the DagBag from /opt/airflow/dags/DAG.py
[2023-11-21T00:15:33.241+0000] {processor.py:839} INFO - DAG(s) dict_keys(['austin_animal_shelter_dag']) retrieved from /opt/airflow/dags/DAG.py
[2023-11-21T00:15:33.254+0000] {logging_mixin.py:154} INFO - [2023-11-21T00:15:33.254+0000] {dag.py:2941} INFO - Sync 1 DAGs
[2023-11-21T00:15:33.353+0000] {logging_mixin.py:154} INFO - [2023-11-21T00:15:33.353+0000] {dag.py:3722} INFO - Setting next_dagrun for austin_animal_shelter_dag to 2023-11-21T00:00:00+00:00, run_after=2023-11-22T00:00:00+00:00
[2023-11-21T00:15:33.360+0000] {processor.py:179} INFO - Processing /opt/airflow/dags/DAG.py took 0.287 seconds
[2023-11-21T00:17:33.990+0000] {processor.py:157} INFO - Started process (PID=5101) to work on /opt/airflow/dags/DAG.py
[2023-11-21T00:17:33.991+0000] {processor.py:829} INFO - Processing file /opt/airflow/dags/DAG.py for tasks to queue
[2023-11-21T00:17:33.993+0000] {logging_mixin.py:154} INFO - [2023-11-21T00:17:33.993+0000] {dagbag.py:536} INFO - Filling up the DagBag from /opt/airflow/dags/DAG.py
[2023-11-21T00:17:34.177+0000] {processor.py:839} INFO - DAG(s) dict_keys(['austin_animal_shelter_dag']) retrieved from /opt/airflow/dags/DAG.py
[2023-11-21T00:17:34.195+0000] {logging_mixin.py:154} INFO - [2023-11-21T00:17:34.195+0000] {dag.py:2941} INFO - Sync 1 DAGs
[2023-11-21T00:17:34.330+0000] {logging_mixin.py:154} INFO - [2023-11-21T00:17:34.330+0000] {dag.py:3722} INFO - Setting next_dagrun for austin_animal_shelter_dag to 2023-11-21T00:00:00+00:00, run_after=2023-11-22T00:00:00+00:00
[2023-11-21T00:17:34.338+0000] {processor.py:179} INFO - Processing /opt/airflow/dags/DAG.py took 0.351 seconds
[2023-11-21T00:18:04.567+0000] {processor.py:157} INFO - Started process (PID=5112) to work on /opt/airflow/dags/DAG.py
[2023-11-21T00:18:04.568+0000] {processor.py:829} INFO - Processing file /opt/airflow/dags/DAG.py for tasks to queue
[2023-11-21T00:18:04.571+0000] {logging_mixin.py:154} INFO - [2023-11-21T00:18:04.571+0000] {dagbag.py:536} INFO - Filling up the DagBag from /opt/airflow/dags/DAG.py
[2023-11-21T00:18:04.813+0000] {processor.py:839} INFO - DAG(s) dict_keys(['austin_animal_shelter_dag']) retrieved from /opt/airflow/dags/DAG.py
[2023-11-21T00:18:04.823+0000] {logging_mixin.py:154} INFO - [2023-11-21T00:18:04.822+0000] {dag.py:2941} INFO - Sync 1 DAGs
[2023-11-21T00:18:04.830+0000] {logging_mixin.py:154} INFO - [2023-11-21T00:18:04.830+0000] {dag.py:3722} INFO - Setting next_dagrun for austin_animal_shelter_dag to 2023-11-21T00:00:00+00:00, run_after=2023-11-22T00:00:00+00:00
[2023-11-21T00:18:04.836+0000] {processor.py:179} INFO - Processing /opt/airflow/dags/DAG.py took 0.273 seconds
[2023-11-21T00:18:35.231+0000] {processor.py:157} INFO - Started process (PID=5123) to work on /opt/airflow/dags/DAG.py
[2023-11-21T00:18:35.232+0000] {processor.py:829} INFO - Processing file /opt/airflow/dags/DAG.py for tasks to queue
[2023-11-21T00:18:35.234+0000] {logging_mixin.py:154} INFO - [2023-11-21T00:18:35.234+0000] {dagbag.py:536} INFO - Filling up the DagBag from /opt/airflow/dags/DAG.py
[2023-11-21T00:18:35.479+0000] {processor.py:839} INFO - DAG(s) dict_keys(['austin_animal_shelter_dag']) retrieved from /opt/airflow/dags/DAG.py
[2023-11-21T00:18:35.488+0000] {logging_mixin.py:154} INFO - [2023-11-21T00:18:35.488+0000] {dag.py:2941} INFO - Sync 1 DAGs
[2023-11-21T00:18:35.496+0000] {logging_mixin.py:154} INFO - [2023-11-21T00:18:35.496+0000] {dag.py:3722} INFO - Setting next_dagrun for austin_animal_shelter_dag to 2023-11-21T00:00:00+00:00, run_after=2023-11-22T00:00:00+00:00
[2023-11-21T00:18:35.502+0000] {processor.py:179} INFO - Processing /opt/airflow/dags/DAG.py took 0.275 seconds
[2023-11-21T00:19:05.882+0000] {processor.py:157} INFO - Started process (PID=5134) to work on /opt/airflow/dags/DAG.py
[2023-11-21T00:19:05.883+0000] {processor.py:829} INFO - Processing file /opt/airflow/dags/DAG.py for tasks to queue
[2023-11-21T00:19:05.885+0000] {logging_mixin.py:154} INFO - [2023-11-21T00:19:05.884+0000] {dagbag.py:536} INFO - Filling up the DagBag from /opt/airflow/dags/DAG.py
[2023-11-21T00:19:06.027+0000] {processor.py:839} INFO - DAG(s) dict_keys(['austin_animal_shelter_dag']) retrieved from /opt/airflow/dags/DAG.py
[2023-11-21T00:19:06.038+0000] {logging_mixin.py:154} INFO - [2023-11-21T00:19:06.038+0000] {dag.py:2941} INFO - Sync 1 DAGs
[2023-11-21T00:19:06.113+0000] {logging_mixin.py:154} INFO - [2023-11-21T00:19:06.113+0000] {dag.py:3722} INFO - Setting next_dagrun for austin_animal_shelter_dag to 2023-11-21T00:00:00+00:00, run_after=2023-11-22T00:00:00+00:00
[2023-11-21T00:19:06.119+0000] {processor.py:179} INFO - Processing /opt/airflow/dags/DAG.py took 0.241 seconds
[2023-11-21T00:25:20.567+0000] {processor.py:157} INFO - Started process (PID=5145) to work on /opt/airflow/dags/DAG.py
[2023-11-21T00:25:20.568+0000] {processor.py:829} INFO - Processing file /opt/airflow/dags/DAG.py for tasks to queue
[2023-11-21T00:25:20.571+0000] {logging_mixin.py:154} INFO - [2023-11-21T00:25:20.571+0000] {dagbag.py:536} INFO - Filling up the DagBag from /opt/airflow/dags/DAG.py
[2023-11-21T00:25:21.184+0000] {processor.py:839} INFO - DAG(s) dict_keys(['austin_animal_shelter_dag']) retrieved from /opt/airflow/dags/DAG.py
[2023-11-21T00:25:21.233+0000] {logging_mixin.py:154} INFO - [2023-11-21T00:25:21.232+0000] {dag.py:2941} INFO - Sync 1 DAGs
[2023-11-21T00:25:21.251+0000] {logging_mixin.py:154} INFO - [2023-11-21T00:25:21.251+0000] {dag.py:3722} INFO - Setting next_dagrun for austin_animal_shelter_dag to 2023-11-21T00:00:00+00:00, run_after=2023-11-22T00:00:00+00:00
[2023-11-21T00:25:21.265+0000] {processor.py:179} INFO - Processing /opt/airflow/dags/DAG.py took 0.703 seconds
[2023-11-21T00:25:51.651+0000] {processor.py:157} INFO - Started process (PID=5156) to work on /opt/airflow/dags/DAG.py
[2023-11-21T00:25:51.652+0000] {processor.py:829} INFO - Processing file /opt/airflow/dags/DAG.py for tasks to queue
[2023-11-21T00:25:51.655+0000] {logging_mixin.py:154} INFO - [2023-11-21T00:25:51.655+0000] {dagbag.py:536} INFO - Filling up the DagBag from /opt/airflow/dags/DAG.py
[2023-11-21T00:25:52.010+0000] {processor.py:839} INFO - DAG(s) dict_keys(['austin_animal_shelter_dag']) retrieved from /opt/airflow/dags/DAG.py
[2023-11-21T00:25:52.021+0000] {logging_mixin.py:154} INFO - [2023-11-21T00:25:52.021+0000] {dag.py:2941} INFO - Sync 1 DAGs
[2023-11-21T00:25:52.030+0000] {logging_mixin.py:154} INFO - [2023-11-21T00:25:52.030+0000] {dag.py:3722} INFO - Setting next_dagrun for austin_animal_shelter_dag to 2023-11-21T00:00:00+00:00, run_after=2023-11-22T00:00:00+00:00
[2023-11-21T00:25:52.036+0000] {processor.py:179} INFO - Processing /opt/airflow/dags/DAG.py took 0.391 seconds
[2023-11-21T00:26:22.434+0000] {processor.py:157} INFO - Started process (PID=5167) to work on /opt/airflow/dags/DAG.py
[2023-11-21T00:26:22.435+0000] {processor.py:829} INFO - Processing file /opt/airflow/dags/DAG.py for tasks to queue
[2023-11-21T00:26:22.437+0000] {logging_mixin.py:154} INFO - [2023-11-21T00:26:22.437+0000] {dagbag.py:536} INFO - Filling up the DagBag from /opt/airflow/dags/DAG.py
[2023-11-21T00:26:22.580+0000] {processor.py:839} INFO - DAG(s) dict_keys(['austin_animal_shelter_dag']) retrieved from /opt/airflow/dags/DAG.py
[2023-11-21T00:26:22.592+0000] {logging_mixin.py:154} INFO - [2023-11-21T00:26:22.591+0000] {dag.py:2941} INFO - Sync 1 DAGs
[2023-11-21T00:26:22.667+0000] {logging_mixin.py:154} INFO - [2023-11-21T00:26:22.667+0000] {dag.py:3722} INFO - Setting next_dagrun for austin_animal_shelter_dag to 2023-11-21T00:00:00+00:00, run_after=2023-11-22T00:00:00+00:00
[2023-11-21T00:26:22.673+0000] {processor.py:179} INFO - Processing /opt/airflow/dags/DAG.py took 0.244 seconds
[2023-11-21T00:26:52.935+0000] {processor.py:157} INFO - Started process (PID=5178) to work on /opt/airflow/dags/DAG.py
[2023-11-21T00:26:52.936+0000] {processor.py:829} INFO - Processing file /opt/airflow/dags/DAG.py for tasks to queue
[2023-11-21T00:26:52.939+0000] {logging_mixin.py:154} INFO - [2023-11-21T00:26:52.939+0000] {dagbag.py:536} INFO - Filling up the DagBag from /opt/airflow/dags/DAG.py
[2023-11-21T00:26:53.168+0000] {processor.py:839} INFO - DAG(s) dict_keys(['austin_animal_shelter_dag']) retrieved from /opt/airflow/dags/DAG.py
[2023-11-21T00:26:53.178+0000] {logging_mixin.py:154} INFO - [2023-11-21T00:26:53.178+0000] {dag.py:2941} INFO - Sync 1 DAGs
[2023-11-21T00:26:53.185+0000] {logging_mixin.py:154} INFO - [2023-11-21T00:26:53.185+0000] {dag.py:3722} INFO - Setting next_dagrun for austin_animal_shelter_dag to 2023-11-21T00:00:00+00:00, run_after=2023-11-22T00:00:00+00:00
[2023-11-21T00:26:53.191+0000] {processor.py:179} INFO - Processing /opt/airflow/dags/DAG.py took 0.259 seconds
[2023-11-21T00:27:23.575+0000] {processor.py:157} INFO - Started process (PID=5189) to work on /opt/airflow/dags/DAG.py
[2023-11-21T00:27:23.577+0000] {processor.py:829} INFO - Processing file /opt/airflow/dags/DAG.py for tasks to queue
[2023-11-21T00:27:23.580+0000] {logging_mixin.py:154} INFO - [2023-11-21T00:27:23.579+0000] {dagbag.py:536} INFO - Filling up the DagBag from /opt/airflow/dags/DAG.py
[2023-11-21T00:27:23.948+0000] {processor.py:839} INFO - DAG(s) dict_keys(['austin_animal_shelter_dag']) retrieved from /opt/airflow/dags/DAG.py
[2023-11-21T00:27:23.959+0000] {logging_mixin.py:154} INFO - [2023-11-21T00:27:23.959+0000] {dag.py:2941} INFO - Sync 1 DAGs
[2023-11-21T00:27:23.968+0000] {logging_mixin.py:154} INFO - [2023-11-21T00:27:23.968+0000] {dag.py:3722} INFO - Setting next_dagrun for austin_animal_shelter_dag to 2023-11-21T00:00:00+00:00, run_after=2023-11-22T00:00:00+00:00
[2023-11-21T00:27:23.975+0000] {processor.py:179} INFO - Processing /opt/airflow/dags/DAG.py took 0.405 seconds
[2023-11-21T00:27:54.328+0000] {processor.py:157} INFO - Started process (PID=5200) to work on /opt/airflow/dags/DAG.py
[2023-11-21T00:27:54.329+0000] {processor.py:829} INFO - Processing file /opt/airflow/dags/DAG.py for tasks to queue
[2023-11-21T00:27:54.332+0000] {logging_mixin.py:154} INFO - [2023-11-21T00:27:54.331+0000] {dagbag.py:536} INFO - Filling up the DagBag from /opt/airflow/dags/DAG.py
[2023-11-21T00:27:54.500+0000] {processor.py:839} INFO - DAG(s) dict_keys(['austin_animal_shelter_dag']) retrieved from /opt/airflow/dags/DAG.py
[2023-11-21T00:27:54.515+0000] {logging_mixin.py:154} INFO - [2023-11-21T00:27:54.514+0000] {dag.py:2941} INFO - Sync 1 DAGs
[2023-11-21T00:27:54.623+0000] {logging_mixin.py:154} INFO - [2023-11-21T00:27:54.623+0000] {dag.py:3722} INFO - Setting next_dagrun for austin_animal_shelter_dag to 2023-11-21T00:00:00+00:00, run_after=2023-11-22T00:00:00+00:00
[2023-11-21T00:27:54.631+0000] {processor.py:179} INFO - Processing /opt/airflow/dags/DAG.py took 0.307 seconds
[2023-11-21T00:28:24.851+0000] {processor.py:157} INFO - Started process (PID=5211) to work on /opt/airflow/dags/DAG.py
[2023-11-21T00:28:24.852+0000] {processor.py:829} INFO - Processing file /opt/airflow/dags/DAG.py for tasks to queue
[2023-11-21T00:28:24.854+0000] {logging_mixin.py:154} INFO - [2023-11-21T00:28:24.854+0000] {dagbag.py:536} INFO - Filling up the DagBag from /opt/airflow/dags/DAG.py
[2023-11-21T00:28:25.081+0000] {processor.py:839} INFO - DAG(s) dict_keys(['austin_animal_shelter_dag']) retrieved from /opt/airflow/dags/DAG.py
[2023-11-21T00:28:25.090+0000] {logging_mixin.py:154} INFO - [2023-11-21T00:28:25.090+0000] {dag.py:2941} INFO - Sync 1 DAGs
[2023-11-21T00:28:25.097+0000] {logging_mixin.py:154} INFO - [2023-11-21T00:28:25.097+0000] {dag.py:3722} INFO - Setting next_dagrun for austin_animal_shelter_dag to 2023-11-21T00:00:00+00:00, run_after=2023-11-22T00:00:00+00:00
[2023-11-21T00:28:25.103+0000] {processor.py:179} INFO - Processing /opt/airflow/dags/DAG.py took 0.256 seconds
[2023-11-21T00:28:55.462+0000] {processor.py:157} INFO - Started process (PID=5221) to work on /opt/airflow/dags/DAG.py
[2023-11-21T00:28:55.465+0000] {processor.py:829} INFO - Processing file /opt/airflow/dags/DAG.py for tasks to queue
[2023-11-21T00:28:55.470+0000] {logging_mixin.py:154} INFO - [2023-11-21T00:28:55.469+0000] {dagbag.py:536} INFO - Filling up the DagBag from /opt/airflow/dags/DAG.py
[2023-11-21T00:28:55.723+0000] {processor.py:839} INFO - DAG(s) dict_keys(['austin_animal_shelter_dag']) retrieved from /opt/airflow/dags/DAG.py
[2023-11-21T00:28:55.733+0000] {logging_mixin.py:154} INFO - [2023-11-21T00:28:55.733+0000] {dag.py:2941} INFO - Sync 1 DAGs
[2023-11-21T00:28:55.741+0000] {logging_mixin.py:154} INFO - [2023-11-21T00:28:55.741+0000] {dag.py:3722} INFO - Setting next_dagrun for austin_animal_shelter_dag to 2023-11-21T00:00:00+00:00, run_after=2023-11-22T00:00:00+00:00
[2023-11-21T00:28:55.748+0000] {processor.py:179} INFO - Processing /opt/airflow/dags/DAG.py took 0.294 seconds
[2023-11-21T00:29:26.111+0000] {processor.py:157} INFO - Started process (PID=5232) to work on /opt/airflow/dags/DAG.py
[2023-11-21T00:29:26.113+0000] {processor.py:829} INFO - Processing file /opt/airflow/dags/DAG.py for tasks to queue
[2023-11-21T00:29:26.119+0000] {logging_mixin.py:154} INFO - [2023-11-21T00:29:26.118+0000] {dagbag.py:536} INFO - Filling up the DagBag from /opt/airflow/dags/DAG.py
[2023-11-21T00:29:26.410+0000] {processor.py:839} INFO - DAG(s) dict_keys(['austin_animal_shelter_dag']) retrieved from /opt/airflow/dags/DAG.py
[2023-11-21T00:29:26.419+0000] {logging_mixin.py:154} INFO - [2023-11-21T00:29:26.419+0000] {dag.py:2941} INFO - Sync 1 DAGs
[2023-11-21T00:29:26.427+0000] {logging_mixin.py:154} INFO - [2023-11-21T00:29:26.427+0000] {dag.py:3722} INFO - Setting next_dagrun for austin_animal_shelter_dag to 2023-11-21T00:00:00+00:00, run_after=2023-11-22T00:00:00+00:00
[2023-11-21T00:29:26.433+0000] {processor.py:179} INFO - Processing /opt/airflow/dags/DAG.py took 0.330 seconds
[2023-11-21T00:29:56.670+0000] {processor.py:157} INFO - Started process (PID=5243) to work on /opt/airflow/dags/DAG.py
[2023-11-21T00:29:56.671+0000] {processor.py:829} INFO - Processing file /opt/airflow/dags/DAG.py for tasks to queue
[2023-11-21T00:29:56.675+0000] {logging_mixin.py:154} INFO - [2023-11-21T00:29:56.675+0000] {dagbag.py:536} INFO - Filling up the DagBag from /opt/airflow/dags/DAG.py
[2023-11-21T00:29:56.881+0000] {processor.py:839} INFO - DAG(s) dict_keys(['austin_animal_shelter_dag']) retrieved from /opt/airflow/dags/DAG.py
[2023-11-21T00:29:57.019+0000] {logging_mixin.py:154} INFO - [2023-11-21T00:29:57.018+0000] {dag.py:2941} INFO - Sync 1 DAGs
[2023-11-21T00:29:57.028+0000] {logging_mixin.py:154} INFO - [2023-11-21T00:29:57.028+0000] {dag.py:3722} INFO - Setting next_dagrun for austin_animal_shelter_dag to 2023-11-21T00:00:00+00:00, run_after=2023-11-22T00:00:00+00:00
[2023-11-21T00:29:57.035+0000] {processor.py:179} INFO - Processing /opt/airflow/dags/DAG.py took 0.370 seconds
[2023-11-21T00:30:27.396+0000] {processor.py:157} INFO - Started process (PID=5254) to work on /opt/airflow/dags/DAG.py
[2023-11-21T00:30:27.397+0000] {processor.py:829} INFO - Processing file /opt/airflow/dags/DAG.py for tasks to queue
[2023-11-21T00:30:27.400+0000] {logging_mixin.py:154} INFO - [2023-11-21T00:30:27.400+0000] {dagbag.py:536} INFO - Filling up the DagBag from /opt/airflow/dags/DAG.py
[2023-11-21T00:30:27.657+0000] {processor.py:839} INFO - DAG(s) dict_keys(['austin_animal_shelter_dag']) retrieved from /opt/airflow/dags/DAG.py
[2023-11-21T00:30:27.667+0000] {logging_mixin.py:154} INFO - [2023-11-21T00:30:27.667+0000] {dag.py:2941} INFO - Sync 1 DAGs
[2023-11-21T00:30:27.675+0000] {logging_mixin.py:154} INFO - [2023-11-21T00:30:27.675+0000] {dag.py:3722} INFO - Setting next_dagrun for austin_animal_shelter_dag to 2023-11-21T00:00:00+00:00, run_after=2023-11-22T00:00:00+00:00
[2023-11-21T00:30:27.682+0000] {processor.py:179} INFO - Processing /opt/airflow/dags/DAG.py took 0.290 seconds
[2023-11-21T00:30:58.046+0000] {processor.py:157} INFO - Started process (PID=5265) to work on /opt/airflow/dags/DAG.py
[2023-11-21T00:30:58.048+0000] {processor.py:829} INFO - Processing file /opt/airflow/dags/DAG.py for tasks to queue
[2023-11-21T00:30:58.052+0000] {logging_mixin.py:154} INFO - [2023-11-21T00:30:58.051+0000] {dagbag.py:536} INFO - Filling up the DagBag from /opt/airflow/dags/DAG.py
[2023-11-21T00:30:58.280+0000] {processor.py:839} INFO - DAG(s) dict_keys(['austin_animal_shelter_dag']) retrieved from /opt/airflow/dags/DAG.py
[2023-11-21T00:30:58.290+0000] {logging_mixin.py:154} INFO - [2023-11-21T00:30:58.290+0000] {dag.py:2941} INFO - Sync 1 DAGs
[2023-11-21T00:30:58.297+0000] {logging_mixin.py:154} INFO - [2023-11-21T00:30:58.297+0000] {dag.py:3722} INFO - Setting next_dagrun for austin_animal_shelter_dag to 2023-11-21T00:00:00+00:00, run_after=2023-11-22T00:00:00+00:00
[2023-11-21T00:30:58.303+0000] {processor.py:179} INFO - Processing /opt/airflow/dags/DAG.py took 0.264 seconds
[2023-11-21T00:31:28.606+0000] {processor.py:157} INFO - Started process (PID=5276) to work on /opt/airflow/dags/DAG.py
[2023-11-21T00:31:28.609+0000] {processor.py:829} INFO - Processing file /opt/airflow/dags/DAG.py for tasks to queue
[2023-11-21T00:31:28.616+0000] {logging_mixin.py:154} INFO - [2023-11-21T00:31:28.615+0000] {dagbag.py:536} INFO - Filling up the DagBag from /opt/airflow/dags/DAG.py
[2023-11-21T00:31:28.812+0000] {processor.py:839} INFO - DAG(s) dict_keys(['austin_animal_shelter_dag']) retrieved from /opt/airflow/dags/DAG.py
[2023-11-21T00:31:28.925+0000] {logging_mixin.py:154} INFO - [2023-11-21T00:31:28.925+0000] {dag.py:2941} INFO - Sync 1 DAGs
[2023-11-21T00:31:28.933+0000] {logging_mixin.py:154} INFO - [2023-11-21T00:31:28.933+0000] {dag.py:3722} INFO - Setting next_dagrun for austin_animal_shelter_dag to 2023-11-21T00:00:00+00:00, run_after=2023-11-22T00:00:00+00:00
[2023-11-21T00:31:28.939+0000] {processor.py:179} INFO - Processing /opt/airflow/dags/DAG.py took 0.340 seconds
[2023-11-21T00:31:59.292+0000] {processor.py:157} INFO - Started process (PID=5287) to work on /opt/airflow/dags/DAG.py
[2023-11-21T00:31:59.294+0000] {processor.py:829} INFO - Processing file /opt/airflow/dags/DAG.py for tasks to queue
[2023-11-21T00:31:59.297+0000] {logging_mixin.py:154} INFO - [2023-11-21T00:31:59.297+0000] {dagbag.py:536} INFO - Filling up the DagBag from /opt/airflow/dags/DAG.py
[2023-11-21T00:31:59.536+0000] {processor.py:839} INFO - DAG(s) dict_keys(['austin_animal_shelter_dag']) retrieved from /opt/airflow/dags/DAG.py
[2023-11-21T00:31:59.546+0000] {logging_mixin.py:154} INFO - [2023-11-21T00:31:59.546+0000] {dag.py:2941} INFO - Sync 1 DAGs
[2023-11-21T00:31:59.554+0000] {logging_mixin.py:154} INFO - [2023-11-21T00:31:59.554+0000] {dag.py:3722} INFO - Setting next_dagrun for austin_animal_shelter_dag to 2023-11-21T00:00:00+00:00, run_after=2023-11-22T00:00:00+00:00
[2023-11-21T00:31:59.561+0000] {processor.py:179} INFO - Processing /opt/airflow/dags/DAG.py took 0.274 seconds
[2023-11-21T00:32:29.905+0000] {processor.py:157} INFO - Started process (PID=5298) to work on /opt/airflow/dags/DAG.py
[2023-11-21T00:32:29.907+0000] {processor.py:829} INFO - Processing file /opt/airflow/dags/DAG.py for tasks to queue
[2023-11-21T00:32:29.910+0000] {logging_mixin.py:154} INFO - [2023-11-21T00:32:29.909+0000] {dagbag.py:536} INFO - Filling up the DagBag from /opt/airflow/dags/DAG.py
[2023-11-21T00:32:30.135+0000] {processor.py:839} INFO - DAG(s) dict_keys(['austin_animal_shelter_dag']) retrieved from /opt/airflow/dags/DAG.py
[2023-11-21T00:32:30.144+0000] {logging_mixin.py:154} INFO - [2023-11-21T00:32:30.144+0000] {dag.py:2941} INFO - Sync 1 DAGs
[2023-11-21T00:32:30.153+0000] {logging_mixin.py:154} INFO - [2023-11-21T00:32:30.153+0000] {dag.py:3722} INFO - Setting next_dagrun for austin_animal_shelter_dag to 2023-11-21T00:00:00+00:00, run_after=2023-11-22T00:00:00+00:00
[2023-11-21T00:32:30.159+0000] {processor.py:179} INFO - Processing /opt/airflow/dags/DAG.py took 0.259 seconds
[2023-11-21T00:33:00.476+0000] {processor.py:157} INFO - Started process (PID=5311) to work on /opt/airflow/dags/DAG.py
[2023-11-21T00:33:00.477+0000] {processor.py:829} INFO - Processing file /opt/airflow/dags/DAG.py for tasks to queue
[2023-11-21T00:33:00.480+0000] {logging_mixin.py:154} INFO - [2023-11-21T00:33:00.480+0000] {dagbag.py:536} INFO - Filling up the DagBag from /opt/airflow/dags/DAG.py
[2023-11-21T00:33:00.693+0000] {processor.py:839} INFO - DAG(s) dict_keys(['austin_animal_shelter_dag']) retrieved from /opt/airflow/dags/DAG.py
[2023-11-21T00:33:00.701+0000] {logging_mixin.py:154} INFO - [2023-11-21T00:33:00.701+0000] {dag.py:2941} INFO - Sync 1 DAGs
[2023-11-21T00:33:00.708+0000] {logging_mixin.py:154} INFO - [2023-11-21T00:33:00.708+0000] {dag.py:3722} INFO - Setting next_dagrun for austin_animal_shelter_dag to 2023-11-21T00:00:00+00:00, run_after=2023-11-22T00:00:00+00:00
[2023-11-21T00:33:00.714+0000] {processor.py:179} INFO - Processing /opt/airflow/dags/DAG.py took 0.242 seconds
[2023-11-21T00:33:31.074+0000] {processor.py:157} INFO - Started process (PID=5322) to work on /opt/airflow/dags/DAG.py
[2023-11-21T00:33:31.075+0000] {processor.py:829} INFO - Processing file /opt/airflow/dags/DAG.py for tasks to queue
[2023-11-21T00:33:31.080+0000] {logging_mixin.py:154} INFO - [2023-11-21T00:33:31.080+0000] {dagbag.py:536} INFO - Filling up the DagBag from /opt/airflow/dags/DAG.py
[2023-11-21T00:33:31.325+0000] {processor.py:839} INFO - DAG(s) dict_keys(['austin_animal_shelter_dag']) retrieved from /opt/airflow/dags/DAG.py
[2023-11-21T00:33:31.334+0000] {logging_mixin.py:154} INFO - [2023-11-21T00:33:31.333+0000] {dag.py:2941} INFO - Sync 1 DAGs
[2023-11-21T00:33:31.341+0000] {logging_mixin.py:154} INFO - [2023-11-21T00:33:31.341+0000] {dag.py:3722} INFO - Setting next_dagrun for austin_animal_shelter_dag to 2023-11-21T00:00:00+00:00, run_after=2023-11-22T00:00:00+00:00
[2023-11-21T00:33:31.347+0000] {processor.py:179} INFO - Processing /opt/airflow/dags/DAG.py took 0.280 seconds
[2023-11-21T00:34:01.421+0000] {processor.py:157} INFO - Started process (PID=5333) to work on /opt/airflow/dags/DAG.py
[2023-11-21T00:34:01.423+0000] {processor.py:829} INFO - Processing file /opt/airflow/dags/DAG.py for tasks to queue
[2023-11-21T00:34:01.426+0000] {logging_mixin.py:154} INFO - [2023-11-21T00:34:01.426+0000] {dagbag.py:536} INFO - Filling up the DagBag from /opt/airflow/dags/DAG.py
[2023-11-21T00:34:01.684+0000] {processor.py:839} INFO - DAG(s) dict_keys(['austin_animal_shelter_dag']) retrieved from /opt/airflow/dags/DAG.py
[2023-11-21T00:34:01.694+0000] {logging_mixin.py:154} INFO - [2023-11-21T00:34:01.694+0000] {dag.py:2941} INFO - Sync 1 DAGs
[2023-11-21T00:34:01.703+0000] {logging_mixin.py:154} INFO - [2023-11-21T00:34:01.703+0000] {dag.py:3722} INFO - Setting next_dagrun for austin_animal_shelter_dag to 2023-11-21T00:00:00+00:00, run_after=2023-11-22T00:00:00+00:00
[2023-11-21T00:34:01.710+0000] {processor.py:179} INFO - Processing /opt/airflow/dags/DAG.py took 0.294 seconds
[2023-11-21T00:34:32.077+0000] {processor.py:157} INFO - Started process (PID=5344) to work on /opt/airflow/dags/DAG.py
[2023-11-21T00:34:32.079+0000] {processor.py:829} INFO - Processing file /opt/airflow/dags/DAG.py for tasks to queue
[2023-11-21T00:34:32.082+0000] {logging_mixin.py:154} INFO - [2023-11-21T00:34:32.081+0000] {dagbag.py:536} INFO - Filling up the DagBag from /opt/airflow/dags/DAG.py
[2023-11-21T00:34:32.301+0000] {processor.py:839} INFO - DAG(s) dict_keys(['austin_animal_shelter_dag']) retrieved from /opt/airflow/dags/DAG.py
[2023-11-21T00:34:32.310+0000] {logging_mixin.py:154} INFO - [2023-11-21T00:34:32.310+0000] {dag.py:2941} INFO - Sync 1 DAGs
[2023-11-21T00:34:32.317+0000] {logging_mixin.py:154} INFO - [2023-11-21T00:34:32.317+0000] {dag.py:3722} INFO - Setting next_dagrun for austin_animal_shelter_dag to 2023-11-21T00:00:00+00:00, run_after=2023-11-22T00:00:00+00:00
[2023-11-21T00:34:32.322+0000] {processor.py:179} INFO - Processing /opt/airflow/dags/DAG.py took 0.250 seconds
[2023-11-21T00:35:02.675+0000] {processor.py:157} INFO - Started process (PID=5355) to work on /opt/airflow/dags/DAG.py
[2023-11-21T00:35:02.676+0000] {processor.py:829} INFO - Processing file /opt/airflow/dags/DAG.py for tasks to queue
[2023-11-21T00:35:02.680+0000] {logging_mixin.py:154} INFO - [2023-11-21T00:35:02.680+0000] {dagbag.py:536} INFO - Filling up the DagBag from /opt/airflow/dags/DAG.py
[2023-11-21T00:35:02.897+0000] {processor.py:839} INFO - DAG(s) dict_keys(['austin_animal_shelter_dag']) retrieved from /opt/airflow/dags/DAG.py
[2023-11-21T00:35:02.906+0000] {logging_mixin.py:154} INFO - [2023-11-21T00:35:02.906+0000] {dag.py:2941} INFO - Sync 1 DAGs
[2023-11-21T00:35:02.914+0000] {logging_mixin.py:154} INFO - [2023-11-21T00:35:02.914+0000] {dag.py:3722} INFO - Setting next_dagrun for austin_animal_shelter_dag to 2023-11-21T00:00:00+00:00, run_after=2023-11-22T00:00:00+00:00
[2023-11-21T00:35:02.920+0000] {processor.py:179} INFO - Processing /opt/airflow/dags/DAG.py took 0.250 seconds
[2023-11-21T00:35:33.325+0000] {processor.py:157} INFO - Started process (PID=5366) to work on /opt/airflow/dags/DAG.py
[2023-11-21T00:35:33.326+0000] {processor.py:829} INFO - Processing file /opt/airflow/dags/DAG.py for tasks to queue
[2023-11-21T00:35:33.329+0000] {logging_mixin.py:154} INFO - [2023-11-21T00:35:33.328+0000] {dagbag.py:536} INFO - Filling up the DagBag from /opt/airflow/dags/DAG.py
[2023-11-21T00:35:33.545+0000] {processor.py:839} INFO - DAG(s) dict_keys(['austin_animal_shelter_dag']) retrieved from /opt/airflow/dags/DAG.py
[2023-11-21T00:35:33.554+0000] {logging_mixin.py:154} INFO - [2023-11-21T00:35:33.554+0000] {dag.py:2941} INFO - Sync 1 DAGs
[2023-11-21T00:35:33.561+0000] {logging_mixin.py:154} INFO - [2023-11-21T00:35:33.561+0000] {dag.py:3722} INFO - Setting next_dagrun for austin_animal_shelter_dag to 2023-11-21T00:00:00+00:00, run_after=2023-11-22T00:00:00+00:00
[2023-11-21T00:35:33.567+0000] {processor.py:179} INFO - Processing /opt/airflow/dags/DAG.py took 0.249 seconds
[2023-11-21T00:36:03.884+0000] {processor.py:157} INFO - Started process (PID=5377) to work on /opt/airflow/dags/DAG.py
[2023-11-21T00:36:03.886+0000] {processor.py:829} INFO - Processing file /opt/airflow/dags/DAG.py for tasks to queue
[2023-11-21T00:36:03.891+0000] {logging_mixin.py:154} INFO - [2023-11-21T00:36:03.891+0000] {dagbag.py:536} INFO - Filling up the DagBag from /opt/airflow/dags/DAG.py
[2023-11-21T00:36:04.182+0000] {processor.py:839} INFO - DAG(s) dict_keys(['austin_animal_shelter_dag']) retrieved from /opt/airflow/dags/DAG.py
[2023-11-21T00:36:04.192+0000] {logging_mixin.py:154} INFO - [2023-11-21T00:36:04.192+0000] {dag.py:2941} INFO - Sync 1 DAGs
[2023-11-21T00:36:04.200+0000] {logging_mixin.py:154} INFO - [2023-11-21T00:36:04.200+0000] {dag.py:3722} INFO - Setting next_dagrun for austin_animal_shelter_dag to 2023-11-21T00:00:00+00:00, run_after=2023-11-22T00:00:00+00:00
[2023-11-21T00:36:04.206+0000] {processor.py:179} INFO - Processing /opt/airflow/dags/DAG.py took 0.328 seconds
[2023-11-21T00:36:34.252+0000] {processor.py:157} INFO - Started process (PID=5388) to work on /opt/airflow/dags/DAG.py
[2023-11-21T00:36:34.253+0000] {processor.py:829} INFO - Processing file /opt/airflow/dags/DAG.py for tasks to queue
[2023-11-21T00:36:34.257+0000] {logging_mixin.py:154} INFO - [2023-11-21T00:36:34.256+0000] {dagbag.py:536} INFO - Filling up the DagBag from /opt/airflow/dags/DAG.py
[2023-11-21T00:36:34.477+0000] {processor.py:839} INFO - DAG(s) dict_keys(['austin_animal_shelter_dag']) retrieved from /opt/airflow/dags/DAG.py
[2023-11-21T00:36:34.487+0000] {logging_mixin.py:154} INFO - [2023-11-21T00:36:34.486+0000] {dag.py:2941} INFO - Sync 1 DAGs
[2023-11-21T00:36:34.494+0000] {logging_mixin.py:154} INFO - [2023-11-21T00:36:34.494+0000] {dag.py:3722} INFO - Setting next_dagrun for austin_animal_shelter_dag to 2023-11-21T00:00:00+00:00, run_after=2023-11-22T00:00:00+00:00
[2023-11-21T00:36:34.500+0000] {processor.py:179} INFO - Processing /opt/airflow/dags/DAG.py took 0.253 seconds
[2023-11-21T00:37:04.840+0000] {processor.py:157} INFO - Started process (PID=5399) to work on /opt/airflow/dags/DAG.py
[2023-11-21T00:37:04.842+0000] {processor.py:829} INFO - Processing file /opt/airflow/dags/DAG.py for tasks to queue
[2023-11-21T00:37:04.845+0000] {logging_mixin.py:154} INFO - [2023-11-21T00:37:04.845+0000] {dagbag.py:536} INFO - Filling up the DagBag from /opt/airflow/dags/DAG.py
[2023-11-21T00:37:05.064+0000] {processor.py:839} INFO - DAG(s) dict_keys(['austin_animal_shelter_dag']) retrieved from /opt/airflow/dags/DAG.py
[2023-11-21T00:37:05.075+0000] {logging_mixin.py:154} INFO - [2023-11-21T00:37:05.074+0000] {dag.py:2941} INFO - Sync 1 DAGs
[2023-11-21T00:37:05.083+0000] {logging_mixin.py:154} INFO - [2023-11-21T00:37:05.083+0000] {dag.py:3722} INFO - Setting next_dagrun for austin_animal_shelter_dag to 2023-11-21T00:00:00+00:00, run_after=2023-11-22T00:00:00+00:00
[2023-11-21T00:37:05.088+0000] {processor.py:179} INFO - Processing /opt/airflow/dags/DAG.py took 0.254 seconds
[2023-11-21T00:37:35.439+0000] {processor.py:157} INFO - Started process (PID=5410) to work on /opt/airflow/dags/DAG.py
[2023-11-21T00:37:35.440+0000] {processor.py:829} INFO - Processing file /opt/airflow/dags/DAG.py for tasks to queue
[2023-11-21T00:37:35.444+0000] {logging_mixin.py:154} INFO - [2023-11-21T00:37:35.444+0000] {dagbag.py:536} INFO - Filling up the DagBag from /opt/airflow/dags/DAG.py
[2023-11-21T00:37:35.671+0000] {processor.py:839} INFO - DAG(s) dict_keys(['austin_animal_shelter_dag']) retrieved from /opt/airflow/dags/DAG.py
[2023-11-21T00:37:35.680+0000] {logging_mixin.py:154} INFO - [2023-11-21T00:37:35.679+0000] {dag.py:2941} INFO - Sync 1 DAGs
[2023-11-21T00:37:35.686+0000] {logging_mixin.py:154} INFO - [2023-11-21T00:37:35.686+0000] {dag.py:3722} INFO - Setting next_dagrun for austin_animal_shelter_dag to 2023-11-21T00:00:00+00:00, run_after=2023-11-22T00:00:00+00:00
[2023-11-21T00:37:35.693+0000] {processor.py:179} INFO - Processing /opt/airflow/dags/DAG.py took 0.260 seconds
[2023-11-21T00:38:06.041+0000] {processor.py:157} INFO - Started process (PID=5421) to work on /opt/airflow/dags/DAG.py
[2023-11-21T00:38:06.043+0000] {processor.py:829} INFO - Processing file /opt/airflow/dags/DAG.py for tasks to queue
[2023-11-21T00:38:06.047+0000] {logging_mixin.py:154} INFO - [2023-11-21T00:38:06.046+0000] {dagbag.py:536} INFO - Filling up the DagBag from /opt/airflow/dags/DAG.py
[2023-11-21T00:38:06.336+0000] {processor.py:839} INFO - DAG(s) dict_keys(['austin_animal_shelter_dag']) retrieved from /opt/airflow/dags/DAG.py
[2023-11-21T00:38:06.348+0000] {logging_mixin.py:154} INFO - [2023-11-21T00:38:06.347+0000] {dag.py:2941} INFO - Sync 1 DAGs
[2023-11-21T00:38:06.357+0000] {logging_mixin.py:154} INFO - [2023-11-21T00:38:06.357+0000] {dag.py:3722} INFO - Setting next_dagrun for austin_animal_shelter_dag to 2023-11-21T00:00:00+00:00, run_after=2023-11-22T00:00:00+00:00
[2023-11-21T00:38:06.363+0000] {processor.py:179} INFO - Processing /opt/airflow/dags/DAG.py took 0.327 seconds
[2023-11-21T00:38:36.422+0000] {processor.py:157} INFO - Started process (PID=5432) to work on /opt/airflow/dags/DAG.py
[2023-11-21T00:38:36.424+0000] {processor.py:829} INFO - Processing file /opt/airflow/dags/DAG.py for tasks to queue
[2023-11-21T00:38:36.430+0000] {logging_mixin.py:154} INFO - [2023-11-21T00:38:36.429+0000] {dagbag.py:536} INFO - Filling up the DagBag from /opt/airflow/dags/DAG.py
[2023-11-21T00:38:36.752+0000] {processor.py:839} INFO - DAG(s) dict_keys(['austin_animal_shelter_dag']) retrieved from /opt/airflow/dags/DAG.py
[2023-11-21T00:38:36.762+0000] {logging_mixin.py:154} INFO - [2023-11-21T00:38:36.762+0000] {dag.py:2941} INFO - Sync 1 DAGs
[2023-11-21T00:38:36.771+0000] {logging_mixin.py:154} INFO - [2023-11-21T00:38:36.771+0000] {dag.py:3722} INFO - Setting next_dagrun for austin_animal_shelter_dag to 2023-11-21T00:00:00+00:00, run_after=2023-11-22T00:00:00+00:00
[2023-11-21T00:38:36.777+0000] {processor.py:179} INFO - Processing /opt/airflow/dags/DAG.py took 0.362 seconds
[2023-11-21T00:39:07.106+0000] {processor.py:157} INFO - Started process (PID=5443) to work on /opt/airflow/dags/DAG.py
[2023-11-21T00:39:07.108+0000] {processor.py:829} INFO - Processing file /opt/airflow/dags/DAG.py for tasks to queue
[2023-11-21T00:39:07.112+0000] {logging_mixin.py:154} INFO - [2023-11-21T00:39:07.111+0000] {dagbag.py:536} INFO - Filling up the DagBag from /opt/airflow/dags/DAG.py
[2023-11-21T00:39:07.340+0000] {processor.py:839} INFO - DAG(s) dict_keys(['austin_animal_shelter_dag']) retrieved from /opt/airflow/dags/DAG.py
[2023-11-21T00:39:07.349+0000] {logging_mixin.py:154} INFO - [2023-11-21T00:39:07.349+0000] {dag.py:2941} INFO - Sync 1 DAGs
[2023-11-21T00:39:07.356+0000] {logging_mixin.py:154} INFO - [2023-11-21T00:39:07.356+0000] {dag.py:3722} INFO - Setting next_dagrun for austin_animal_shelter_dag to 2023-11-21T00:00:00+00:00, run_after=2023-11-22T00:00:00+00:00
[2023-11-21T00:39:07.362+0000] {processor.py:179} INFO - Processing /opt/airflow/dags/DAG.py took 0.261 seconds
[2023-11-21T00:39:37.719+0000] {processor.py:157} INFO - Started process (PID=5454) to work on /opt/airflow/dags/DAG.py
[2023-11-21T00:39:37.720+0000] {processor.py:829} INFO - Processing file /opt/airflow/dags/DAG.py for tasks to queue
[2023-11-21T00:39:37.723+0000] {logging_mixin.py:154} INFO - [2023-11-21T00:39:37.722+0000] {dagbag.py:536} INFO - Filling up the DagBag from /opt/airflow/dags/DAG.py
[2023-11-21T00:39:37.951+0000] {processor.py:839} INFO - DAG(s) dict_keys(['austin_animal_shelter_dag']) retrieved from /opt/airflow/dags/DAG.py
[2023-11-21T00:39:37.960+0000] {logging_mixin.py:154} INFO - [2023-11-21T00:39:37.960+0000] {dag.py:2941} INFO - Sync 1 DAGs
[2023-11-21T00:39:37.968+0000] {logging_mixin.py:154} INFO - [2023-11-21T00:39:37.968+0000] {dag.py:3722} INFO - Setting next_dagrun for austin_animal_shelter_dag to 2023-11-21T00:00:00+00:00, run_after=2023-11-22T00:00:00+00:00
[2023-11-21T00:39:37.974+0000] {processor.py:179} INFO - Processing /opt/airflow/dags/DAG.py took 0.258 seconds
[2023-11-21T00:40:08.106+0000] {processor.py:157} INFO - Started process (PID=5465) to work on /opt/airflow/dags/DAG.py
[2023-11-21T00:40:08.107+0000] {processor.py:829} INFO - Processing file /opt/airflow/dags/DAG.py for tasks to queue
[2023-11-21T00:40:08.110+0000] {logging_mixin.py:154} INFO - [2023-11-21T00:40:08.110+0000] {dagbag.py:536} INFO - Filling up the DagBag from /opt/airflow/dags/DAG.py
[2023-11-21T00:40:08.372+0000] {processor.py:839} INFO - DAG(s) dict_keys(['austin_animal_shelter_dag']) retrieved from /opt/airflow/dags/DAG.py
[2023-11-21T00:40:08.382+0000] {logging_mixin.py:154} INFO - [2023-11-21T00:40:08.382+0000] {dag.py:2941} INFO - Sync 1 DAGs
[2023-11-21T00:40:08.390+0000] {logging_mixin.py:154} INFO - [2023-11-21T00:40:08.390+0000] {dag.py:3722} INFO - Setting next_dagrun for austin_animal_shelter_dag to 2023-11-21T00:00:00+00:00, run_after=2023-11-22T00:00:00+00:00
[2023-11-21T00:40:08.396+0000] {processor.py:179} INFO - Processing /opt/airflow/dags/DAG.py took 0.296 seconds
[2023-11-21T00:40:38.763+0000] {processor.py:157} INFO - Started process (PID=5476) to work on /opt/airflow/dags/DAG.py
[2023-11-21T00:40:38.764+0000] {processor.py:829} INFO - Processing file /opt/airflow/dags/DAG.py for tasks to queue
[2023-11-21T00:40:38.767+0000] {logging_mixin.py:154} INFO - [2023-11-21T00:40:38.766+0000] {dagbag.py:536} INFO - Filling up the DagBag from /opt/airflow/dags/DAG.py
[2023-11-21T00:40:38.987+0000] {processor.py:839} INFO - DAG(s) dict_keys(['austin_animal_shelter_dag']) retrieved from /opt/airflow/dags/DAG.py
[2023-11-21T00:40:38.996+0000] {logging_mixin.py:154} INFO - [2023-11-21T00:40:38.996+0000] {dag.py:2941} INFO - Sync 1 DAGs
[2023-11-21T00:40:39.004+0000] {logging_mixin.py:154} INFO - [2023-11-21T00:40:39.004+0000] {dag.py:3722} INFO - Setting next_dagrun for austin_animal_shelter_dag to 2023-11-21T00:00:00+00:00, run_after=2023-11-22T00:00:00+00:00
[2023-11-21T00:40:39.009+0000] {processor.py:179} INFO - Processing /opt/airflow/dags/DAG.py took 0.252 seconds
[2023-11-21T00:41:09.360+0000] {processor.py:157} INFO - Started process (PID=5487) to work on /opt/airflow/dags/DAG.py
[2023-11-21T00:41:09.361+0000] {processor.py:829} INFO - Processing file /opt/airflow/dags/DAG.py for tasks to queue
[2023-11-21T00:41:09.365+0000] {logging_mixin.py:154} INFO - [2023-11-21T00:41:09.365+0000] {dagbag.py:536} INFO - Filling up the DagBag from /opt/airflow/dags/DAG.py
[2023-11-21T00:41:09.623+0000] {processor.py:839} INFO - DAG(s) dict_keys(['austin_animal_shelter_dag']) retrieved from /opt/airflow/dags/DAG.py
[2023-11-21T00:41:09.633+0000] {logging_mixin.py:154} INFO - [2023-11-21T00:41:09.632+0000] {dag.py:2941} INFO - Sync 1 DAGs
[2023-11-21T00:41:09.641+0000] {logging_mixin.py:154} INFO - [2023-11-21T00:41:09.641+0000] {dag.py:3722} INFO - Setting next_dagrun for austin_animal_shelter_dag to 2023-11-21T00:00:00+00:00, run_after=2023-11-22T00:00:00+00:00
[2023-11-21T00:41:09.647+0000] {processor.py:179} INFO - Processing /opt/airflow/dags/DAG.py took 0.292 seconds
[2023-11-21T00:41:39.740+0000] {processor.py:157} INFO - Started process (PID=5498) to work on /opt/airflow/dags/DAG.py
[2023-11-21T00:41:39.741+0000] {processor.py:829} INFO - Processing file /opt/airflow/dags/DAG.py for tasks to queue
[2023-11-21T00:41:39.745+0000] {logging_mixin.py:154} INFO - [2023-11-21T00:41:39.744+0000] {dagbag.py:536} INFO - Filling up the DagBag from /opt/airflow/dags/DAG.py
[2023-11-21T00:41:39.987+0000] {processor.py:839} INFO - DAG(s) dict_keys(['austin_animal_shelter_dag']) retrieved from /opt/airflow/dags/DAG.py
[2023-11-21T00:41:39.997+0000] {logging_mixin.py:154} INFO - [2023-11-21T00:41:39.996+0000] {dag.py:2941} INFO - Sync 1 DAGs
[2023-11-21T00:41:40.005+0000] {logging_mixin.py:154} INFO - [2023-11-21T00:41:40.005+0000] {dag.py:3722} INFO - Setting next_dagrun for austin_animal_shelter_dag to 2023-11-21T00:00:00+00:00, run_after=2023-11-22T00:00:00+00:00
[2023-11-21T00:41:40.011+0000] {processor.py:179} INFO - Processing /opt/airflow/dags/DAG.py took 0.276 seconds
[2023-11-21T00:42:10.341+0000] {processor.py:157} INFO - Started process (PID=5509) to work on /opt/airflow/dags/DAG.py
[2023-11-21T00:42:10.342+0000] {processor.py:829} INFO - Processing file /opt/airflow/dags/DAG.py for tasks to queue
[2023-11-21T00:42:10.344+0000] {logging_mixin.py:154} INFO - [2023-11-21T00:42:10.344+0000] {dagbag.py:536} INFO - Filling up the DagBag from /opt/airflow/dags/DAG.py
[2023-11-21T00:42:10.579+0000] {processor.py:839} INFO - DAG(s) dict_keys(['austin_animal_shelter_dag']) retrieved from /opt/airflow/dags/DAG.py
[2023-11-21T00:42:10.589+0000] {logging_mixin.py:154} INFO - [2023-11-21T00:42:10.588+0000] {dag.py:2941} INFO - Sync 1 DAGs
[2023-11-21T00:42:10.596+0000] {logging_mixin.py:154} INFO - [2023-11-21T00:42:10.596+0000] {dag.py:3722} INFO - Setting next_dagrun for austin_animal_shelter_dag to 2023-11-21T00:00:00+00:00, run_after=2023-11-22T00:00:00+00:00
[2023-11-21T00:42:10.603+0000] {processor.py:179} INFO - Processing /opt/airflow/dags/DAG.py took 0.265 seconds
[2023-11-21T00:42:40.930+0000] {processor.py:157} INFO - Started process (PID=5520) to work on /opt/airflow/dags/DAG.py
[2023-11-21T00:42:40.932+0000] {processor.py:829} INFO - Processing file /opt/airflow/dags/DAG.py for tasks to queue
[2023-11-21T00:42:40.937+0000] {logging_mixin.py:154} INFO - [2023-11-21T00:42:40.936+0000] {dagbag.py:536} INFO - Filling up the DagBag from /opt/airflow/dags/DAG.py
[2023-11-21T00:42:41.166+0000] {processor.py:839} INFO - DAG(s) dict_keys(['austin_animal_shelter_dag']) retrieved from /opt/airflow/dags/DAG.py
[2023-11-21T00:42:41.175+0000] {logging_mixin.py:154} INFO - [2023-11-21T00:42:41.174+0000] {dag.py:2941} INFO - Sync 1 DAGs
[2023-11-21T00:42:41.183+0000] {logging_mixin.py:154} INFO - [2023-11-21T00:42:41.183+0000] {dag.py:3722} INFO - Setting next_dagrun for austin_animal_shelter_dag to 2023-11-21T00:00:00+00:00, run_after=2023-11-22T00:00:00+00:00
[2023-11-21T00:42:41.189+0000] {processor.py:179} INFO - Processing /opt/airflow/dags/DAG.py took 0.265 seconds
[2023-11-21T00:43:11.338+0000] {processor.py:157} INFO - Started process (PID=5531) to work on /opt/airflow/dags/DAG.py
[2023-11-21T00:43:11.340+0000] {processor.py:829} INFO - Processing file /opt/airflow/dags/DAG.py for tasks to queue
[2023-11-21T00:43:11.344+0000] {logging_mixin.py:154} INFO - [2023-11-21T00:43:11.343+0000] {dagbag.py:536} INFO - Filling up the DagBag from /opt/airflow/dags/DAG.py
[2023-11-21T00:43:11.571+0000] {processor.py:839} INFO - DAG(s) dict_keys(['austin_animal_shelter_dag']) retrieved from /opt/airflow/dags/DAG.py
[2023-11-21T00:43:11.579+0000] {logging_mixin.py:154} INFO - [2023-11-21T00:43:11.579+0000] {dag.py:2941} INFO - Sync 1 DAGs
[2023-11-21T00:43:11.587+0000] {logging_mixin.py:154} INFO - [2023-11-21T00:43:11.587+0000] {dag.py:3722} INFO - Setting next_dagrun for austin_animal_shelter_dag to 2023-11-21T00:00:00+00:00, run_after=2023-11-22T00:00:00+00:00
[2023-11-21T00:43:11.592+0000] {processor.py:179} INFO - Processing /opt/airflow/dags/DAG.py took 0.261 seconds
[2023-11-21T00:43:41.915+0000] {processor.py:157} INFO - Started process (PID=5542) to work on /opt/airflow/dags/DAG.py
[2023-11-21T00:43:41.917+0000] {processor.py:829} INFO - Processing file /opt/airflow/dags/DAG.py for tasks to queue
[2023-11-21T00:43:41.920+0000] {logging_mixin.py:154} INFO - [2023-11-21T00:43:41.919+0000] {dagbag.py:536} INFO - Filling up the DagBag from /opt/airflow/dags/DAG.py
[2023-11-21T00:43:42.140+0000] {processor.py:839} INFO - DAG(s) dict_keys(['austin_animal_shelter_dag']) retrieved from /opt/airflow/dags/DAG.py
[2023-11-21T00:43:42.149+0000] {logging_mixin.py:154} INFO - [2023-11-21T00:43:42.149+0000] {dag.py:2941} INFO - Sync 1 DAGs
[2023-11-21T00:43:42.157+0000] {logging_mixin.py:154} INFO - [2023-11-21T00:43:42.157+0000] {dag.py:3722} INFO - Setting next_dagrun for austin_animal_shelter_dag to 2023-11-21T00:00:00+00:00, run_after=2023-11-22T00:00:00+00:00
[2023-11-21T00:43:42.163+0000] {processor.py:179} INFO - Processing /opt/airflow/dags/DAG.py took 0.253 seconds
[2023-11-21T00:44:12.278+0000] {processor.py:157} INFO - Started process (PID=5553) to work on /opt/airflow/dags/DAG.py
[2023-11-21T00:44:12.280+0000] {processor.py:829} INFO - Processing file /opt/airflow/dags/DAG.py for tasks to queue
[2023-11-21T00:44:12.283+0000] {logging_mixin.py:154} INFO - [2023-11-21T00:44:12.283+0000] {dagbag.py:536} INFO - Filling up the DagBag from /opt/airflow/dags/DAG.py
[2023-11-21T00:44:12.498+0000] {processor.py:839} INFO - DAG(s) dict_keys(['austin_animal_shelter_dag']) retrieved from /opt/airflow/dags/DAG.py
[2023-11-21T00:44:12.506+0000] {logging_mixin.py:154} INFO - [2023-11-21T00:44:12.506+0000] {dag.py:2941} INFO - Sync 1 DAGs
[2023-11-21T00:44:12.513+0000] {logging_mixin.py:154} INFO - [2023-11-21T00:44:12.513+0000] {dag.py:3722} INFO - Setting next_dagrun for austin_animal_shelter_dag to 2023-11-21T00:00:00+00:00, run_after=2023-11-22T00:00:00+00:00
[2023-11-21T00:44:12.519+0000] {processor.py:179} INFO - Processing /opt/airflow/dags/DAG.py took 0.246 seconds
[2023-11-21T00:44:42.838+0000] {processor.py:157} INFO - Started process (PID=5564) to work on /opt/airflow/dags/DAG.py
[2023-11-21T00:44:42.839+0000] {processor.py:829} INFO - Processing file /opt/airflow/dags/DAG.py for tasks to queue
[2023-11-21T00:44:42.841+0000] {logging_mixin.py:154} INFO - [2023-11-21T00:44:42.841+0000] {dagbag.py:536} INFO - Filling up the DagBag from /opt/airflow/dags/DAG.py
[2023-11-21T00:44:43.066+0000] {processor.py:839} INFO - DAG(s) dict_keys(['austin_animal_shelter_dag']) retrieved from /opt/airflow/dags/DAG.py
[2023-11-21T00:44:43.076+0000] {logging_mixin.py:154} INFO - [2023-11-21T00:44:43.076+0000] {dag.py:2941} INFO - Sync 1 DAGs
[2023-11-21T00:44:43.084+0000] {logging_mixin.py:154} INFO - [2023-11-21T00:44:43.084+0000] {dag.py:3722} INFO - Setting next_dagrun for austin_animal_shelter_dag to 2023-11-21T00:00:00+00:00, run_after=2023-11-22T00:00:00+00:00
[2023-11-21T00:44:43.090+0000] {processor.py:179} INFO - Processing /opt/airflow/dags/DAG.py took 0.255 seconds
