[2023-11-20T08:38:36.291+0000] {taskinstance.py:1159} INFO - Dependencies all met for dep_context=non-requeueable deps ti=<TaskInstance: austin_animal_shelter_dag.retrieve_data scheduled__2023-11-01T00:00:00+00:00 [queued]>
[2023-11-20T08:38:36.299+0000] {taskinstance.py:1159} INFO - Dependencies all met for dep_context=requeueable deps ti=<TaskInstance: austin_animal_shelter_dag.retrieve_data scheduled__2023-11-01T00:00:00+00:00 [queued]>
[2023-11-20T08:38:36.301+0000] {taskinstance.py:1361} INFO - Starting attempt 1 of 2
[2023-11-20T08:38:36.324+0000] {taskinstance.py:1382} INFO - Executing <Task(PythonOperator): retrieve_data> on 2023-11-01 00:00:00+00:00
[2023-11-20T08:38:36.330+0000] {standard_task_runner.py:57} INFO - Started process 78 to run task
[2023-11-20T08:38:36.341+0000] {standard_task_runner.py:84} INFO - Running: ['***', 'tasks', 'run', 'austin_animal_shelter_dag', 'retrieve_data', 'scheduled__2023-11-01T00:00:00+00:00', '--job-id', '7', '--raw', '--subdir', 'DAGS_FOLDER/DAG.py', '--cfg-path', '/tmp/tmpjq_3gdvh']
[2023-11-20T08:38:36.354+0000] {standard_task_runner.py:85} INFO - Job 7: Subtask retrieve_data
[2023-11-20T08:38:36.416+0000] {task_command.py:416} INFO - Running <TaskInstance: austin_animal_shelter_dag.retrieve_data scheduled__2023-11-01T00:00:00+00:00 [running]> on host 74ca1234e792
[2023-11-20T08:38:36.512+0000] {taskinstance.py:1662} INFO - Exporting env vars: AIRFLOW_CTX_DAG_OWNER='***' AIRFLOW_CTX_DAG_ID='austin_animal_shelter_dag' AIRFLOW_CTX_TASK_ID='retrieve_data' AIRFLOW_CTX_EXECUTION_DATE='2023-11-01T00:00:00+00:00' AIRFLOW_CTX_TRY_NUMBER='1' AIRFLOW_CTX_DAG_RUN_ID='scheduled__2023-11-01T00:00:00+00:00'
[2023-11-20T08:38:36.518+0000] {taskinstance.py:1937} ERROR - Task failed with exception
Traceback (most recent call last):
  File "/home/airflow/.local/lib/python3.8/site-packages/airflow/operators/python.py", line 192, in execute
    return_value = self.execute_callable()
  File "/home/airflow/.local/lib/python3.8/site-packages/airflow/operators/python.py", line 209, in execute_callable
    return self.python_callable(*self.op_args, **self.op_kwargs)
  File "/opt/airflow/dags/Scripts/etl.py", line 18, in retrieve_data
    aws_access_key_id=YOUR_ACCESS_KEY,
NameError: name 'YOUR_ACCESS_KEY' is not defined
[2023-11-20T08:38:36.530+0000] {taskinstance.py:1400} INFO - Marking task as UP_FOR_RETRY. dag_id=austin_animal_shelter_dag, task_id=retrieve_data, execution_date=20231101T000000, start_date=20231120T083836, end_date=20231120T083836
[2023-11-20T08:38:36.558+0000] {standard_task_runner.py:104} ERROR - Failed to execute job 7 for task retrieve_data (name 'YOUR_ACCESS_KEY' is not defined; 78)
[2023-11-20T08:38:36.594+0000] {local_task_job_runner.py:228} INFO - Task exited with return code 1
[2023-11-20T08:38:36.637+0000] {taskinstance.py:2778} INFO - 0 downstream tasks scheduled from follow-on schedule check
[2023-11-20T08:43:23.098+0000] {taskinstance.py:1159} INFO - Dependencies all met for dep_context=non-requeueable deps ti=<TaskInstance: austin_animal_shelter_dag.retrieve_data scheduled__2023-11-01T00:00:00+00:00 [queued]>
[2023-11-20T08:43:23.114+0000] {taskinstance.py:1159} INFO - Dependencies all met for dep_context=requeueable deps ti=<TaskInstance: austin_animal_shelter_dag.retrieve_data scheduled__2023-11-01T00:00:00+00:00 [queued]>
[2023-11-20T08:43:23.115+0000] {taskinstance.py:1361} INFO - Starting attempt 1 of 2
[2023-11-20T08:43:23.133+0000] {taskinstance.py:1382} INFO - Executing <Task(PythonOperator): retrieve_data> on 2023-11-01 00:00:00+00:00
[2023-11-20T08:43:23.140+0000] {standard_task_runner.py:57} INFO - Started process 77 to run task
[2023-11-20T08:43:23.145+0000] {standard_task_runner.py:84} INFO - Running: ['***', 'tasks', 'run', 'austin_animal_shelter_dag', 'retrieve_data', 'scheduled__2023-11-01T00:00:00+00:00', '--job-id', '7', '--raw', '--subdir', 'DAGS_FOLDER/DAG.py', '--cfg-path', '/tmp/tmphwdye7yd']
[2023-11-20T08:43:23.149+0000] {standard_task_runner.py:85} INFO - Job 7: Subtask retrieve_data
[2023-11-20T08:43:23.235+0000] {task_command.py:416} INFO - Running <TaskInstance: austin_animal_shelter_dag.retrieve_data scheduled__2023-11-01T00:00:00+00:00 [running]> on host c84b35a13244
[2023-11-20T08:43:23.332+0000] {taskinstance.py:1662} INFO - Exporting env vars: AIRFLOW_CTX_DAG_OWNER='***' AIRFLOW_CTX_DAG_ID='austin_animal_shelter_dag' AIRFLOW_CTX_TASK_ID='retrieve_data' AIRFLOW_CTX_EXECUTION_DATE='2023-11-01T00:00:00+00:00' AIRFLOW_CTX_TRY_NUMBER='1' AIRFLOW_CTX_DAG_RUN_ID='scheduled__2023-11-01T00:00:00+00:00'
[2023-11-20T08:43:25.112+0000] {etl.py:60} INFO - No new or updated data to upload. Creating an empty CSV with headers.
[2023-11-20T08:43:25.113+0000] {etl.py:64} INFO - Uploading data to 'raw_data'...
[2023-11-20T08:43:25.266+0000] {etl.py:71} INFO - Updating 'Old_Data' with current data...
[2023-11-20T08:43:25.706+0000] {python.py:194} INFO - Done. Returned value was: None
[2023-11-20T08:43:25.716+0000] {taskinstance.py:1400} INFO - Marking task as SUCCESS. dag_id=austin_animal_shelter_dag, task_id=retrieve_data, execution_date=20231101T000000, start_date=20231120T084323, end_date=20231120T084325
[2023-11-20T08:43:25.744+0000] {local_task_job_runner.py:228} INFO - Task exited with return code 0
[2023-11-20T08:43:25.765+0000] {taskinstance.py:2778} INFO - 1 downstream tasks scheduled from follow-on schedule check
[2023-11-20T08:46:36.621+0000] {taskinstance.py:1159} INFO - Dependencies all met for dep_context=non-requeueable deps ti=<TaskInstance: austin_animal_shelter_dag.retrieve_data scheduled__2023-11-01T00:00:00+00:00 [queued]>
[2023-11-20T08:46:36.638+0000] {taskinstance.py:1159} INFO - Dependencies all met for dep_context=requeueable deps ti=<TaskInstance: austin_animal_shelter_dag.retrieve_data scheduled__2023-11-01T00:00:00+00:00 [queued]>
[2023-11-20T08:46:36.642+0000] {taskinstance.py:1361} INFO - Starting attempt 1 of 2
[2023-11-20T08:46:36.676+0000] {taskinstance.py:1382} INFO - Executing <Task(PythonOperator): retrieve_data> on 2023-11-01 00:00:00+00:00
[2023-11-20T08:46:36.694+0000] {standard_task_runner.py:57} INFO - Started process 91 to run task
[2023-11-20T08:46:36.701+0000] {standard_task_runner.py:84} INFO - Running: ['***', 'tasks', 'run', 'austin_animal_shelter_dag', 'retrieve_data', 'scheduled__2023-11-01T00:00:00+00:00', '--job-id', '8', '--raw', '--subdir', 'DAGS_FOLDER/DAG.py', '--cfg-path', '/tmp/tmpujb7p_pq']
[2023-11-20T08:46:36.708+0000] {standard_task_runner.py:85} INFO - Job 8: Subtask retrieve_data
[2023-11-20T08:46:36.793+0000] {task_command.py:416} INFO - Running <TaskInstance: austin_animal_shelter_dag.retrieve_data scheduled__2023-11-01T00:00:00+00:00 [running]> on host d26cbef9e8ab
[2023-11-20T08:46:36.871+0000] {taskinstance.py:1662} INFO - Exporting env vars: AIRFLOW_CTX_DAG_OWNER='***' AIRFLOW_CTX_DAG_ID='austin_animal_shelter_dag' AIRFLOW_CTX_TASK_ID='retrieve_data' AIRFLOW_CTX_EXECUTION_DATE='2023-11-01T00:00:00+00:00' AIRFLOW_CTX_TRY_NUMBER='1' AIRFLOW_CTX_DAG_RUN_ID='scheduled__2023-11-01T00:00:00+00:00'
[2023-11-20T08:46:39.241+0000] {etl.py:62} INFO - No new or updated data to upload. Creating an empty CSV with headers.
[2023-11-20T08:46:39.244+0000] {etl.py:66} INFO - Uploading data to 'raw_data'...
[2023-11-20T08:46:39.417+0000] {etl.py:73} INFO - Updating 'Old_Data' with current data...
[2023-11-20T08:46:39.945+0000] {python.py:194} INFO - Done. Returned value was: None
[2023-11-20T08:46:39.953+0000] {taskinstance.py:1400} INFO - Marking task as SUCCESS. dag_id=austin_animal_shelter_dag, task_id=retrieve_data, execution_date=20231101T000000, start_date=20231120T084636, end_date=20231120T084639
[2023-11-20T08:46:39.975+0000] {local_task_job_runner.py:228} INFO - Task exited with return code 0
[2023-11-20T08:46:39.997+0000] {taskinstance.py:2778} INFO - 1 downstream tasks scheduled from follow-on schedule check
[2023-11-20T08:50:16.721+0000] {taskinstance.py:1159} INFO - Dependencies all met for dep_context=non-requeueable deps ti=<TaskInstance: austin_animal_shelter_dag.retrieve_data scheduled__2023-11-01T00:00:00+00:00 [queued]>
[2023-11-20T08:50:16.734+0000] {taskinstance.py:1159} INFO - Dependencies all met for dep_context=requeueable deps ti=<TaskInstance: austin_animal_shelter_dag.retrieve_data scheduled__2023-11-01T00:00:00+00:00 [queued]>
[2023-11-20T08:50:16.736+0000] {taskinstance.py:1361} INFO - Starting attempt 1 of 2
[2023-11-20T08:50:16.808+0000] {taskinstance.py:1382} INFO - Executing <Task(PythonOperator): retrieve_data> on 2023-11-01 00:00:00+00:00
[2023-11-20T08:50:16.819+0000] {standard_task_runner.py:57} INFO - Started process 84 to run task
[2023-11-20T08:50:16.837+0000] {standard_task_runner.py:84} INFO - Running: ['***', 'tasks', 'run', 'austin_animal_shelter_dag', 'retrieve_data', 'scheduled__2023-11-01T00:00:00+00:00', '--job-id', '8', '--raw', '--subdir', 'DAGS_FOLDER/DAG.py', '--cfg-path', '/tmp/tmpeqgwagsj']
[2023-11-20T08:50:16.843+0000] {standard_task_runner.py:85} INFO - Job 8: Subtask retrieve_data
[2023-11-20T08:50:16.945+0000] {task_command.py:416} INFO - Running <TaskInstance: austin_animal_shelter_dag.retrieve_data scheduled__2023-11-01T00:00:00+00:00 [running]> on host 3ef39241d6e6
[2023-11-20T08:50:17.058+0000] {taskinstance.py:1662} INFO - Exporting env vars: AIRFLOW_CTX_DAG_OWNER='***' AIRFLOW_CTX_DAG_ID='austin_animal_shelter_dag' AIRFLOW_CTX_TASK_ID='retrieve_data' AIRFLOW_CTX_EXECUTION_DATE='2023-11-01T00:00:00+00:00' AIRFLOW_CTX_TRY_NUMBER='1' AIRFLOW_CTX_DAG_RUN_ID='scheduled__2023-11-01T00:00:00+00:00'
[2023-11-20T08:50:19.001+0000] {etl.py:87} INFO - No new or updated data to upload. Creating an empty CSV with headers.
[2023-11-20T08:50:19.002+0000] {etl.py:91} INFO - Uploading data to 'raw_data'...
[2023-11-20T08:50:19.149+0000] {etl.py:98} INFO - Updating 'Old_Data' with current data...
[2023-11-20T08:50:20.180+0000] {python.py:194} INFO - Done. Returned value was: None
[2023-11-20T08:50:20.194+0000] {taskinstance.py:1400} INFO - Marking task as SUCCESS. dag_id=austin_animal_shelter_dag, task_id=retrieve_data, execution_date=20231101T000000, start_date=20231120T085016, end_date=20231120T085020
[2023-11-20T08:50:20.222+0000] {local_task_job_runner.py:228} INFO - Task exited with return code 0
[2023-11-20T08:50:20.278+0000] {taskinstance.py:2778} INFO - 1 downstream tasks scheduled from follow-on schedule check
