[2023-11-21T00:00:16.827+0000] {processor.py:157} INFO - Started process (PID=4759) to work on /opt/airflow/dags/Scripts/etl.py
[2023-11-21T00:00:16.828+0000] {processor.py:829} INFO - Processing file /opt/airflow/dags/Scripts/etl.py for tasks to queue
[2023-11-21T00:00:16.831+0000] {logging_mixin.py:154} INFO - [2023-11-21T00:00:16.831+0000] {dagbag.py:536} INFO - Filling up the DagBag from /opt/airflow/dags/Scripts/etl.py
[2023-11-21T00:00:16.981+0000] {processor.py:841} WARNING - No viable dags retrieved from /opt/airflow/dags/Scripts/etl.py
[2023-11-21T00:00:16.989+0000] {processor.py:179} INFO - Processing /opt/airflow/dags/Scripts/etl.py took 0.167 seconds
[2023-11-21T00:00:47.349+0000] {processor.py:157} INFO - Started process (PID=4770) to work on /opt/airflow/dags/Scripts/etl.py
[2023-11-21T00:00:47.351+0000] {processor.py:829} INFO - Processing file /opt/airflow/dags/Scripts/etl.py for tasks to queue
[2023-11-21T00:00:47.355+0000] {logging_mixin.py:154} INFO - [2023-11-21T00:00:47.354+0000] {dagbag.py:536} INFO - Filling up the DagBag from /opt/airflow/dags/Scripts/etl.py
[2023-11-21T00:00:47.530+0000] {processor.py:841} WARNING - No viable dags retrieved from /opt/airflow/dags/Scripts/etl.py
[2023-11-21T00:00:47.541+0000] {processor.py:179} INFO - Processing /opt/airflow/dags/Scripts/etl.py took 0.198 seconds
[2023-11-21T00:01:17.883+0000] {processor.py:157} INFO - Started process (PID=4781) to work on /opt/airflow/dags/Scripts/etl.py
[2023-11-21T00:01:17.885+0000] {processor.py:829} INFO - Processing file /opt/airflow/dags/Scripts/etl.py for tasks to queue
[2023-11-21T00:01:17.888+0000] {logging_mixin.py:154} INFO - [2023-11-21T00:01:17.888+0000] {dagbag.py:536} INFO - Filling up the DagBag from /opt/airflow/dags/Scripts/etl.py
[2023-11-21T00:01:18.048+0000] {processor.py:841} WARNING - No viable dags retrieved from /opt/airflow/dags/Scripts/etl.py
[2023-11-21T00:01:18.056+0000] {processor.py:179} INFO - Processing /opt/airflow/dags/Scripts/etl.py took 0.178 seconds
[2023-11-21T00:01:48.378+0000] {processor.py:157} INFO - Started process (PID=4792) to work on /opt/airflow/dags/Scripts/etl.py
[2023-11-21T00:01:48.379+0000] {processor.py:829} INFO - Processing file /opt/airflow/dags/Scripts/etl.py for tasks to queue
[2023-11-21T00:01:48.382+0000] {logging_mixin.py:154} INFO - [2023-11-21T00:01:48.382+0000] {dagbag.py:536} INFO - Filling up the DagBag from /opt/airflow/dags/Scripts/etl.py
[2023-11-21T00:01:48.557+0000] {processor.py:841} WARNING - No viable dags retrieved from /opt/airflow/dags/Scripts/etl.py
[2023-11-21T00:01:48.565+0000] {processor.py:179} INFO - Processing /opt/airflow/dags/Scripts/etl.py took 0.191 seconds
[2023-11-21T00:02:18.872+0000] {processor.py:157} INFO - Started process (PID=4803) to work on /opt/airflow/dags/Scripts/etl.py
[2023-11-21T00:02:18.873+0000] {processor.py:829} INFO - Processing file /opt/airflow/dags/Scripts/etl.py for tasks to queue
[2023-11-21T00:02:18.874+0000] {logging_mixin.py:154} INFO - [2023-11-21T00:02:18.874+0000] {dagbag.py:536} INFO - Filling up the DagBag from /opt/airflow/dags/Scripts/etl.py
[2023-11-21T00:02:19.041+0000] {processor.py:841} WARNING - No viable dags retrieved from /opt/airflow/dags/Scripts/etl.py
[2023-11-21T00:02:19.051+0000] {processor.py:179} INFO - Processing /opt/airflow/dags/Scripts/etl.py took 0.181 seconds
[2023-11-21T00:02:49.478+0000] {processor.py:157} INFO - Started process (PID=4814) to work on /opt/airflow/dags/Scripts/etl.py
[2023-11-21T00:02:49.479+0000] {processor.py:829} INFO - Processing file /opt/airflow/dags/Scripts/etl.py for tasks to queue
[2023-11-21T00:02:49.480+0000] {logging_mixin.py:154} INFO - [2023-11-21T00:02:49.480+0000] {dagbag.py:536} INFO - Filling up the DagBag from /opt/airflow/dags/Scripts/etl.py
[2023-11-21T00:02:49.621+0000] {processor.py:841} WARNING - No viable dags retrieved from /opt/airflow/dags/Scripts/etl.py
[2023-11-21T00:02:49.628+0000] {processor.py:179} INFO - Processing /opt/airflow/dags/Scripts/etl.py took 0.152 seconds
[2023-11-21T00:03:19.977+0000] {processor.py:157} INFO - Started process (PID=4825) to work on /opt/airflow/dags/Scripts/etl.py
[2023-11-21T00:03:19.978+0000] {processor.py:829} INFO - Processing file /opt/airflow/dags/Scripts/etl.py for tasks to queue
[2023-11-21T00:03:19.981+0000] {logging_mixin.py:154} INFO - [2023-11-21T00:03:19.981+0000] {dagbag.py:536} INFO - Filling up the DagBag from /opt/airflow/dags/Scripts/etl.py
[2023-11-21T00:03:20.131+0000] {processor.py:841} WARNING - No viable dags retrieved from /opt/airflow/dags/Scripts/etl.py
[2023-11-21T00:03:20.138+0000] {processor.py:179} INFO - Processing /opt/airflow/dags/Scripts/etl.py took 0.164 seconds
[2023-11-21T00:03:50.509+0000] {processor.py:157} INFO - Started process (PID=4836) to work on /opt/airflow/dags/Scripts/etl.py
[2023-11-21T00:03:50.511+0000] {processor.py:829} INFO - Processing file /opt/airflow/dags/Scripts/etl.py for tasks to queue
[2023-11-21T00:03:50.514+0000] {logging_mixin.py:154} INFO - [2023-11-21T00:03:50.513+0000] {dagbag.py:536} INFO - Filling up the DagBag from /opt/airflow/dags/Scripts/etl.py
[2023-11-21T00:03:50.716+0000] {processor.py:841} WARNING - No viable dags retrieved from /opt/airflow/dags/Scripts/etl.py
[2023-11-21T00:03:50.727+0000] {processor.py:179} INFO - Processing /opt/airflow/dags/Scripts/etl.py took 0.223 seconds
[2023-11-21T00:04:21.032+0000] {processor.py:157} INFO - Started process (PID=4847) to work on /opt/airflow/dags/Scripts/etl.py
[2023-11-21T00:04:21.034+0000] {processor.py:829} INFO - Processing file /opt/airflow/dags/Scripts/etl.py for tasks to queue
[2023-11-21T00:04:21.038+0000] {logging_mixin.py:154} INFO - [2023-11-21T00:04:21.037+0000] {dagbag.py:536} INFO - Filling up the DagBag from /opt/airflow/dags/Scripts/etl.py
[2023-11-21T00:04:21.241+0000] {processor.py:841} WARNING - No viable dags retrieved from /opt/airflow/dags/Scripts/etl.py
[2023-11-21T00:04:21.251+0000] {processor.py:179} INFO - Processing /opt/airflow/dags/Scripts/etl.py took 0.224 seconds
[2023-11-21T00:04:51.580+0000] {processor.py:157} INFO - Started process (PID=4858) to work on /opt/airflow/dags/Scripts/etl.py
[2023-11-21T00:04:51.582+0000] {processor.py:829} INFO - Processing file /opt/airflow/dags/Scripts/etl.py for tasks to queue
[2023-11-21T00:04:51.587+0000] {logging_mixin.py:154} INFO - [2023-11-21T00:04:51.586+0000] {dagbag.py:536} INFO - Filling up the DagBag from /opt/airflow/dags/Scripts/etl.py
[2023-11-21T00:04:51.771+0000] {processor.py:841} WARNING - No viable dags retrieved from /opt/airflow/dags/Scripts/etl.py
[2023-11-21T00:04:51.779+0000] {processor.py:179} INFO - Processing /opt/airflow/dags/Scripts/etl.py took 0.205 seconds
[2023-11-21T00:05:22.114+0000] {processor.py:157} INFO - Started process (PID=4869) to work on /opt/airflow/dags/Scripts/etl.py
[2023-11-21T00:05:22.115+0000] {processor.py:829} INFO - Processing file /opt/airflow/dags/Scripts/etl.py for tasks to queue
[2023-11-21T00:05:22.118+0000] {logging_mixin.py:154} INFO - [2023-11-21T00:05:22.118+0000] {dagbag.py:536} INFO - Filling up the DagBag from /opt/airflow/dags/Scripts/etl.py
[2023-11-21T00:05:22.278+0000] {processor.py:841} WARNING - No viable dags retrieved from /opt/airflow/dags/Scripts/etl.py
[2023-11-21T00:05:22.285+0000] {processor.py:179} INFO - Processing /opt/airflow/dags/Scripts/etl.py took 0.177 seconds
[2023-11-21T00:05:52.608+0000] {processor.py:157} INFO - Started process (PID=4880) to work on /opt/airflow/dags/Scripts/etl.py
[2023-11-21T00:05:52.611+0000] {processor.py:829} INFO - Processing file /opt/airflow/dags/Scripts/etl.py for tasks to queue
[2023-11-21T00:05:52.614+0000] {logging_mixin.py:154} INFO - [2023-11-21T00:05:52.613+0000] {dagbag.py:536} INFO - Filling up the DagBag from /opt/airflow/dags/Scripts/etl.py
[2023-11-21T00:05:52.767+0000] {processor.py:841} WARNING - No viable dags retrieved from /opt/airflow/dags/Scripts/etl.py
[2023-11-21T00:05:52.774+0000] {processor.py:179} INFO - Processing /opt/airflow/dags/Scripts/etl.py took 0.171 seconds
[2023-11-21T00:06:23.125+0000] {processor.py:157} INFO - Started process (PID=4891) to work on /opt/airflow/dags/Scripts/etl.py
[2023-11-21T00:06:23.127+0000] {processor.py:829} INFO - Processing file /opt/airflow/dags/Scripts/etl.py for tasks to queue
[2023-11-21T00:06:23.129+0000] {logging_mixin.py:154} INFO - [2023-11-21T00:06:23.129+0000] {dagbag.py:536} INFO - Filling up the DagBag from /opt/airflow/dags/Scripts/etl.py
[2023-11-21T00:06:23.276+0000] {processor.py:841} WARNING - No viable dags retrieved from /opt/airflow/dags/Scripts/etl.py
[2023-11-21T00:06:23.282+0000] {processor.py:179} INFO - Processing /opt/airflow/dags/Scripts/etl.py took 0.161 seconds
[2023-11-21T00:06:53.641+0000] {processor.py:157} INFO - Started process (PID=4902) to work on /opt/airflow/dags/Scripts/etl.py
[2023-11-21T00:06:53.642+0000] {processor.py:829} INFO - Processing file /opt/airflow/dags/Scripts/etl.py for tasks to queue
[2023-11-21T00:06:53.644+0000] {logging_mixin.py:154} INFO - [2023-11-21T00:06:53.644+0000] {dagbag.py:536} INFO - Filling up the DagBag from /opt/airflow/dags/Scripts/etl.py
[2023-11-21T00:06:53.787+0000] {processor.py:841} WARNING - No viable dags retrieved from /opt/airflow/dags/Scripts/etl.py
[2023-11-21T00:06:53.795+0000] {processor.py:179} INFO - Processing /opt/airflow/dags/Scripts/etl.py took 0.158 seconds
[2023-11-21T00:07:24.135+0000] {processor.py:157} INFO - Started process (PID=4913) to work on /opt/airflow/dags/Scripts/etl.py
[2023-11-21T00:07:24.137+0000] {processor.py:829} INFO - Processing file /opt/airflow/dags/Scripts/etl.py for tasks to queue
[2023-11-21T00:07:24.139+0000] {logging_mixin.py:154} INFO - [2023-11-21T00:07:24.139+0000] {dagbag.py:536} INFO - Filling up the DagBag from /opt/airflow/dags/Scripts/etl.py
[2023-11-21T00:07:24.293+0000] {processor.py:841} WARNING - No viable dags retrieved from /opt/airflow/dags/Scripts/etl.py
[2023-11-21T00:07:24.301+0000] {processor.py:179} INFO - Processing /opt/airflow/dags/Scripts/etl.py took 0.172 seconds
[2023-11-21T00:07:54.661+0000] {processor.py:157} INFO - Started process (PID=4924) to work on /opt/airflow/dags/Scripts/etl.py
[2023-11-21T00:07:54.663+0000] {processor.py:829} INFO - Processing file /opt/airflow/dags/Scripts/etl.py for tasks to queue
[2023-11-21T00:07:54.667+0000] {logging_mixin.py:154} INFO - [2023-11-21T00:07:54.666+0000] {dagbag.py:536} INFO - Filling up the DagBag from /opt/airflow/dags/Scripts/etl.py
[2023-11-21T00:07:54.822+0000] {processor.py:841} WARNING - No viable dags retrieved from /opt/airflow/dags/Scripts/etl.py
[2023-11-21T00:07:54.830+0000] {processor.py:179} INFO - Processing /opt/airflow/dags/Scripts/etl.py took 0.176 seconds
[2023-11-21T00:08:25.182+0000] {processor.py:157} INFO - Started process (PID=4935) to work on /opt/airflow/dags/Scripts/etl.py
[2023-11-21T00:08:25.183+0000] {processor.py:829} INFO - Processing file /opt/airflow/dags/Scripts/etl.py for tasks to queue
[2023-11-21T00:08:25.186+0000] {logging_mixin.py:154} INFO - [2023-11-21T00:08:25.186+0000] {dagbag.py:536} INFO - Filling up the DagBag from /opt/airflow/dags/Scripts/etl.py
[2023-11-21T00:08:25.332+0000] {processor.py:841} WARNING - No viable dags retrieved from /opt/airflow/dags/Scripts/etl.py
[2023-11-21T00:08:25.339+0000] {processor.py:179} INFO - Processing /opt/airflow/dags/Scripts/etl.py took 0.162 seconds
[2023-11-21T00:08:55.723+0000] {processor.py:157} INFO - Started process (PID=4946) to work on /opt/airflow/dags/Scripts/etl.py
[2023-11-21T00:08:55.724+0000] {processor.py:829} INFO - Processing file /opt/airflow/dags/Scripts/etl.py for tasks to queue
[2023-11-21T00:08:55.727+0000] {logging_mixin.py:154} INFO - [2023-11-21T00:08:55.727+0000] {dagbag.py:536} INFO - Filling up the DagBag from /opt/airflow/dags/Scripts/etl.py
[2023-11-21T00:08:55.872+0000] {processor.py:841} WARNING - No viable dags retrieved from /opt/airflow/dags/Scripts/etl.py
[2023-11-21T00:08:55.879+0000] {processor.py:179} INFO - Processing /opt/airflow/dags/Scripts/etl.py took 0.161 seconds
[2023-11-21T00:09:26.177+0000] {processor.py:157} INFO - Started process (PID=4957) to work on /opt/airflow/dags/Scripts/etl.py
[2023-11-21T00:09:26.177+0000] {processor.py:829} INFO - Processing file /opt/airflow/dags/Scripts/etl.py for tasks to queue
[2023-11-21T00:09:26.179+0000] {logging_mixin.py:154} INFO - [2023-11-21T00:09:26.179+0000] {dagbag.py:536} INFO - Filling up the DagBag from /opt/airflow/dags/Scripts/etl.py
[2023-11-21T00:09:26.341+0000] {processor.py:841} WARNING - No viable dags retrieved from /opt/airflow/dags/Scripts/etl.py
[2023-11-21T00:09:26.348+0000] {processor.py:179} INFO - Processing /opt/airflow/dags/Scripts/etl.py took 0.173 seconds
[2023-11-21T00:09:56.686+0000] {processor.py:157} INFO - Started process (PID=4968) to work on /opt/airflow/dags/Scripts/etl.py
[2023-11-21T00:09:56.686+0000] {processor.py:829} INFO - Processing file /opt/airflow/dags/Scripts/etl.py for tasks to queue
[2023-11-21T00:09:56.689+0000] {logging_mixin.py:154} INFO - [2023-11-21T00:09:56.688+0000] {dagbag.py:536} INFO - Filling up the DagBag from /opt/airflow/dags/Scripts/etl.py
[2023-11-21T00:09:56.845+0000] {processor.py:841} WARNING - No viable dags retrieved from /opt/airflow/dags/Scripts/etl.py
[2023-11-21T00:09:56.853+0000] {processor.py:179} INFO - Processing /opt/airflow/dags/Scripts/etl.py took 0.170 seconds
[2023-11-21T00:10:27.189+0000] {processor.py:157} INFO - Started process (PID=4979) to work on /opt/airflow/dags/Scripts/etl.py
[2023-11-21T00:10:27.191+0000] {processor.py:829} INFO - Processing file /opt/airflow/dags/Scripts/etl.py for tasks to queue
[2023-11-21T00:10:27.194+0000] {logging_mixin.py:154} INFO - [2023-11-21T00:10:27.194+0000] {dagbag.py:536} INFO - Filling up the DagBag from /opt/airflow/dags/Scripts/etl.py
[2023-11-21T00:10:27.388+0000] {processor.py:841} WARNING - No viable dags retrieved from /opt/airflow/dags/Scripts/etl.py
[2023-11-21T00:10:27.398+0000] {processor.py:179} INFO - Processing /opt/airflow/dags/Scripts/etl.py took 0.214 seconds
[2023-11-21T00:10:57.708+0000] {processor.py:157} INFO - Started process (PID=4990) to work on /opt/airflow/dags/Scripts/etl.py
[2023-11-21T00:10:57.709+0000] {processor.py:829} INFO - Processing file /opt/airflow/dags/Scripts/etl.py for tasks to queue
[2023-11-21T00:10:57.713+0000] {logging_mixin.py:154} INFO - [2023-11-21T00:10:57.712+0000] {dagbag.py:536} INFO - Filling up the DagBag from /opt/airflow/dags/Scripts/etl.py
[2023-11-21T00:10:57.873+0000] {processor.py:841} WARNING - No viable dags retrieved from /opt/airflow/dags/Scripts/etl.py
[2023-11-21T00:10:57.882+0000] {processor.py:179} INFO - Processing /opt/airflow/dags/Scripts/etl.py took 0.179 seconds
[2023-11-21T00:11:28.248+0000] {processor.py:157} INFO - Started process (PID=5001) to work on /opt/airflow/dags/Scripts/etl.py
[2023-11-21T00:11:28.250+0000] {processor.py:829} INFO - Processing file /opt/airflow/dags/Scripts/etl.py for tasks to queue
[2023-11-21T00:11:28.255+0000] {logging_mixin.py:154} INFO - [2023-11-21T00:11:28.255+0000] {dagbag.py:536} INFO - Filling up the DagBag from /opt/airflow/dags/Scripts/etl.py
[2023-11-21T00:11:28.430+0000] {processor.py:841} WARNING - No viable dags retrieved from /opt/airflow/dags/Scripts/etl.py
[2023-11-21T00:11:28.438+0000] {processor.py:179} INFO - Processing /opt/airflow/dags/Scripts/etl.py took 0.198 seconds
[2023-11-21T00:11:58.826+0000] {processor.py:157} INFO - Started process (PID=5012) to work on /opt/airflow/dags/Scripts/etl.py
[2023-11-21T00:11:58.827+0000] {processor.py:829} INFO - Processing file /opt/airflow/dags/Scripts/etl.py for tasks to queue
[2023-11-21T00:11:58.831+0000] {logging_mixin.py:154} INFO - [2023-11-21T00:11:58.831+0000] {dagbag.py:536} INFO - Filling up the DagBag from /opt/airflow/dags/Scripts/etl.py
[2023-11-21T00:11:58.978+0000] {processor.py:841} WARNING - No viable dags retrieved from /opt/airflow/dags/Scripts/etl.py
[2023-11-21T00:11:58.985+0000] {processor.py:179} INFO - Processing /opt/airflow/dags/Scripts/etl.py took 0.164 seconds
[2023-11-21T00:12:29.309+0000] {processor.py:157} INFO - Started process (PID=5023) to work on /opt/airflow/dags/Scripts/etl.py
[2023-11-21T00:12:29.310+0000] {processor.py:829} INFO - Processing file /opt/airflow/dags/Scripts/etl.py for tasks to queue
[2023-11-21T00:12:29.313+0000] {logging_mixin.py:154} INFO - [2023-11-21T00:12:29.313+0000] {dagbag.py:536} INFO - Filling up the DagBag from /opt/airflow/dags/Scripts/etl.py
[2023-11-21T00:12:29.476+0000] {processor.py:841} WARNING - No viable dags retrieved from /opt/airflow/dags/Scripts/etl.py
[2023-11-21T00:12:29.484+0000] {processor.py:179} INFO - Processing /opt/airflow/dags/Scripts/etl.py took 0.180 seconds
[2023-11-21T00:12:59.900+0000] {processor.py:157} INFO - Started process (PID=5034) to work on /opt/airflow/dags/Scripts/etl.py
[2023-11-21T00:12:59.902+0000] {processor.py:829} INFO - Processing file /opt/airflow/dags/Scripts/etl.py for tasks to queue
[2023-11-21T00:12:59.906+0000] {logging_mixin.py:154} INFO - [2023-11-21T00:12:59.906+0000] {dagbag.py:536} INFO - Filling up the DagBag from /opt/airflow/dags/Scripts/etl.py
[2023-11-21T00:13:00.065+0000] {processor.py:841} WARNING - No viable dags retrieved from /opt/airflow/dags/Scripts/etl.py
[2023-11-21T00:13:00.072+0000] {processor.py:179} INFO - Processing /opt/airflow/dags/Scripts/etl.py took 0.178 seconds
[2023-11-21T00:13:30.465+0000] {processor.py:157} INFO - Started process (PID=5045) to work on /opt/airflow/dags/Scripts/etl.py
[2023-11-21T00:13:30.467+0000] {processor.py:829} INFO - Processing file /opt/airflow/dags/Scripts/etl.py for tasks to queue
[2023-11-21T00:13:30.470+0000] {logging_mixin.py:154} INFO - [2023-11-21T00:13:30.469+0000] {dagbag.py:536} INFO - Filling up the DagBag from /opt/airflow/dags/Scripts/etl.py
[2023-11-21T00:13:30.722+0000] {processor.py:841} WARNING - No viable dags retrieved from /opt/airflow/dags/Scripts/etl.py
[2023-11-21T00:13:30.729+0000] {processor.py:179} INFO - Processing /opt/airflow/dags/Scripts/etl.py took 0.268 seconds
[2023-11-21T00:14:01.138+0000] {processor.py:157} INFO - Started process (PID=5056) to work on /opt/airflow/dags/Scripts/etl.py
[2023-11-21T00:14:01.139+0000] {processor.py:829} INFO - Processing file /opt/airflow/dags/Scripts/etl.py for tasks to queue
[2023-11-21T00:14:01.143+0000] {logging_mixin.py:154} INFO - [2023-11-21T00:14:01.142+0000] {dagbag.py:536} INFO - Filling up the DagBag from /opt/airflow/dags/Scripts/etl.py
[2023-11-21T00:14:01.294+0000] {processor.py:841} WARNING - No viable dags retrieved from /opt/airflow/dags/Scripts/etl.py
[2023-11-21T00:14:01.300+0000] {processor.py:179} INFO - Processing /opt/airflow/dags/Scripts/etl.py took 0.168 seconds
[2023-11-21T00:14:31.644+0000] {processor.py:157} INFO - Started process (PID=5067) to work on /opt/airflow/dags/Scripts/etl.py
[2023-11-21T00:14:31.646+0000] {processor.py:829} INFO - Processing file /opt/airflow/dags/Scripts/etl.py for tasks to queue
[2023-11-21T00:14:31.649+0000] {logging_mixin.py:154} INFO - [2023-11-21T00:14:31.648+0000] {dagbag.py:536} INFO - Filling up the DagBag from /opt/airflow/dags/Scripts/etl.py
[2023-11-21T00:14:31.803+0000] {processor.py:841} WARNING - No viable dags retrieved from /opt/airflow/dags/Scripts/etl.py
[2023-11-21T00:14:31.810+0000] {processor.py:179} INFO - Processing /opt/airflow/dags/Scripts/etl.py took 0.171 seconds
[2023-11-21T00:15:02.201+0000] {processor.py:157} INFO - Started process (PID=5078) to work on /opt/airflow/dags/Scripts/etl.py
[2023-11-21T00:15:02.202+0000] {processor.py:829} INFO - Processing file /opt/airflow/dags/Scripts/etl.py for tasks to queue
[2023-11-21T00:15:02.205+0000] {logging_mixin.py:154} INFO - [2023-11-21T00:15:02.205+0000] {dagbag.py:536} INFO - Filling up the DagBag from /opt/airflow/dags/Scripts/etl.py
[2023-11-21T00:15:02.453+0000] {processor.py:841} WARNING - No viable dags retrieved from /opt/airflow/dags/Scripts/etl.py
[2023-11-21T00:15:02.459+0000] {processor.py:179} INFO - Processing /opt/airflow/dags/Scripts/etl.py took 0.264 seconds
[2023-11-21T00:15:33.073+0000] {processor.py:157} INFO - Started process (PID=5096) to work on /opt/airflow/dags/Scripts/etl.py
[2023-11-21T00:15:33.074+0000] {processor.py:829} INFO - Processing file /opt/airflow/dags/Scripts/etl.py for tasks to queue
[2023-11-21T00:15:33.077+0000] {logging_mixin.py:154} INFO - [2023-11-21T00:15:33.077+0000] {dagbag.py:536} INFO - Filling up the DagBag from /opt/airflow/dags/Scripts/etl.py
[2023-11-21T00:15:33.237+0000] {processor.py:841} WARNING - No viable dags retrieved from /opt/airflow/dags/Scripts/etl.py
[2023-11-21T00:15:33.247+0000] {processor.py:179} INFO - Processing /opt/airflow/dags/Scripts/etl.py took 0.179 seconds
[2023-11-21T00:17:33.986+0000] {processor.py:157} INFO - Started process (PID=5100) to work on /opt/airflow/dags/Scripts/etl.py
[2023-11-21T00:17:33.987+0000] {processor.py:829} INFO - Processing file /opt/airflow/dags/Scripts/etl.py for tasks to queue
[2023-11-21T00:17:33.989+0000] {logging_mixin.py:154} INFO - [2023-11-21T00:17:33.989+0000] {dagbag.py:536} INFO - Filling up the DagBag from /opt/airflow/dags/Scripts/etl.py
[2023-11-21T00:17:34.168+0000] {processor.py:841} WARNING - No viable dags retrieved from /opt/airflow/dags/Scripts/etl.py
[2023-11-21T00:17:34.181+0000] {processor.py:179} INFO - Processing /opt/airflow/dags/Scripts/etl.py took 0.199 seconds
[2023-11-21T00:18:04.563+0000] {processor.py:157} INFO - Started process (PID=5111) to work on /opt/airflow/dags/Scripts/etl.py
[2023-11-21T00:18:04.565+0000] {processor.py:829} INFO - Processing file /opt/airflow/dags/Scripts/etl.py for tasks to queue
[2023-11-21T00:18:04.568+0000] {logging_mixin.py:154} INFO - [2023-11-21T00:18:04.568+0000] {dagbag.py:536} INFO - Filling up the DagBag from /opt/airflow/dags/Scripts/etl.py
[2023-11-21T00:18:04.811+0000] {processor.py:841} WARNING - No viable dags retrieved from /opt/airflow/dags/Scripts/etl.py
[2023-11-21T00:18:04.817+0000] {processor.py:179} INFO - Processing /opt/airflow/dags/Scripts/etl.py took 0.259 seconds
[2023-11-21T00:18:35.224+0000] {processor.py:157} INFO - Started process (PID=5122) to work on /opt/airflow/dags/Scripts/etl.py
[2023-11-21T00:18:35.226+0000] {processor.py:829} INFO - Processing file /opt/airflow/dags/Scripts/etl.py for tasks to queue
[2023-11-21T00:18:35.230+0000] {logging_mixin.py:154} INFO - [2023-11-21T00:18:35.230+0000] {dagbag.py:536} INFO - Filling up the DagBag from /opt/airflow/dags/Scripts/etl.py
[2023-11-21T00:18:35.476+0000] {processor.py:841} WARNING - No viable dags retrieved from /opt/airflow/dags/Scripts/etl.py
[2023-11-21T00:18:35.482+0000] {processor.py:179} INFO - Processing /opt/airflow/dags/Scripts/etl.py took 0.265 seconds
[2023-11-21T00:19:05.876+0000] {processor.py:157} INFO - Started process (PID=5133) to work on /opt/airflow/dags/Scripts/etl.py
[2023-11-21T00:19:05.878+0000] {processor.py:829} INFO - Processing file /opt/airflow/dags/Scripts/etl.py for tasks to queue
[2023-11-21T00:19:05.881+0000] {logging_mixin.py:154} INFO - [2023-11-21T00:19:05.881+0000] {dagbag.py:536} INFO - Filling up the DagBag from /opt/airflow/dags/Scripts/etl.py
[2023-11-21T00:19:06.024+0000] {processor.py:841} WARNING - No viable dags retrieved from /opt/airflow/dags/Scripts/etl.py
[2023-11-21T00:19:06.031+0000] {processor.py:179} INFO - Processing /opt/airflow/dags/Scripts/etl.py took 0.160 seconds
[2023-11-21T00:25:20.561+0000] {processor.py:157} INFO - Started process (PID=5144) to work on /opt/airflow/dags/Scripts/etl.py
[2023-11-21T00:25:20.563+0000] {processor.py:829} INFO - Processing file /opt/airflow/dags/Scripts/etl.py for tasks to queue
[2023-11-21T00:25:20.569+0000] {logging_mixin.py:154} INFO - [2023-11-21T00:25:20.569+0000] {dagbag.py:536} INFO - Filling up the DagBag from /opt/airflow/dags/Scripts/etl.py
[2023-11-21T00:25:21.180+0000] {processor.py:841} WARNING - No viable dags retrieved from /opt/airflow/dags/Scripts/etl.py
[2023-11-21T00:25:21.217+0000] {processor.py:179} INFO - Processing /opt/airflow/dags/Scripts/etl.py took 0.666 seconds
[2023-11-21T00:25:51.645+0000] {processor.py:157} INFO - Started process (PID=5155) to work on /opt/airflow/dags/Scripts/etl.py
[2023-11-21T00:25:51.647+0000] {processor.py:829} INFO - Processing file /opt/airflow/dags/Scripts/etl.py for tasks to queue
[2023-11-21T00:25:51.653+0000] {logging_mixin.py:154} INFO - [2023-11-21T00:25:51.652+0000] {dagbag.py:536} INFO - Filling up the DagBag from /opt/airflow/dags/Scripts/etl.py
[2023-11-21T00:25:52.007+0000] {processor.py:841} WARNING - No viable dags retrieved from /opt/airflow/dags/Scripts/etl.py
[2023-11-21T00:25:52.015+0000] {processor.py:179} INFO - Processing /opt/airflow/dags/Scripts/etl.py took 0.381 seconds
[2023-11-21T00:26:22.426+0000] {processor.py:157} INFO - Started process (PID=5166) to work on /opt/airflow/dags/Scripts/etl.py
[2023-11-21T00:26:22.428+0000] {processor.py:829} INFO - Processing file /opt/airflow/dags/Scripts/etl.py for tasks to queue
[2023-11-21T00:26:22.431+0000] {logging_mixin.py:154} INFO - [2023-11-21T00:26:22.431+0000] {dagbag.py:536} INFO - Filling up the DagBag from /opt/airflow/dags/Scripts/etl.py
[2023-11-21T00:26:22.577+0000] {processor.py:841} WARNING - No viable dags retrieved from /opt/airflow/dags/Scripts/etl.py
[2023-11-21T00:26:22.585+0000] {processor.py:179} INFO - Processing /opt/airflow/dags/Scripts/etl.py took 0.164 seconds
[2023-11-21T00:26:52.928+0000] {processor.py:157} INFO - Started process (PID=5177) to work on /opt/airflow/dags/Scripts/etl.py
[2023-11-21T00:26:52.930+0000] {processor.py:829} INFO - Processing file /opt/airflow/dags/Scripts/etl.py for tasks to queue
[2023-11-21T00:26:52.934+0000] {logging_mixin.py:154} INFO - [2023-11-21T00:26:52.933+0000] {dagbag.py:536} INFO - Filling up the DagBag from /opt/airflow/dags/Scripts/etl.py
[2023-11-21T00:26:53.166+0000] {processor.py:841} WARNING - No viable dags retrieved from /opt/airflow/dags/Scripts/etl.py
[2023-11-21T00:26:53.172+0000] {processor.py:179} INFO - Processing /opt/airflow/dags/Scripts/etl.py took 0.251 seconds
[2023-11-21T00:27:23.566+0000] {processor.py:157} INFO - Started process (PID=5188) to work on /opt/airflow/dags/Scripts/etl.py
[2023-11-21T00:27:23.568+0000] {processor.py:829} INFO - Processing file /opt/airflow/dags/Scripts/etl.py for tasks to queue
[2023-11-21T00:27:23.574+0000] {logging_mixin.py:154} INFO - [2023-11-21T00:27:23.573+0000] {dagbag.py:536} INFO - Filling up the DagBag from /opt/airflow/dags/Scripts/etl.py
[2023-11-21T00:27:23.945+0000] {processor.py:841} WARNING - No viable dags retrieved from /opt/airflow/dags/Scripts/etl.py
[2023-11-21T00:27:23.953+0000] {processor.py:179} INFO - Processing /opt/airflow/dags/Scripts/etl.py took 0.395 seconds
[2023-11-21T00:27:54.322+0000] {processor.py:157} INFO - Started process (PID=5199) to work on /opt/airflow/dags/Scripts/etl.py
[2023-11-21T00:27:54.323+0000] {processor.py:829} INFO - Processing file /opt/airflow/dags/Scripts/etl.py for tasks to queue
[2023-11-21T00:27:54.326+0000] {logging_mixin.py:154} INFO - [2023-11-21T00:27:54.326+0000] {dagbag.py:536} INFO - Filling up the DagBag from /opt/airflow/dags/Scripts/etl.py
[2023-11-21T00:27:54.497+0000] {processor.py:841} WARNING - No viable dags retrieved from /opt/airflow/dags/Scripts/etl.py
[2023-11-21T00:27:54.507+0000] {processor.py:179} INFO - Processing /opt/airflow/dags/Scripts/etl.py took 0.190 seconds
[2023-11-21T00:28:24.844+0000] {processor.py:157} INFO - Started process (PID=5210) to work on /opt/airflow/dags/Scripts/etl.py
[2023-11-21T00:28:24.846+0000] {processor.py:829} INFO - Processing file /opt/airflow/dags/Scripts/etl.py for tasks to queue
[2023-11-21T00:28:24.849+0000] {logging_mixin.py:154} INFO - [2023-11-21T00:28:24.849+0000] {dagbag.py:536} INFO - Filling up the DagBag from /opt/airflow/dags/Scripts/etl.py
[2023-11-21T00:28:25.079+0000] {processor.py:841} WARNING - No viable dags retrieved from /opt/airflow/dags/Scripts/etl.py
[2023-11-21T00:28:25.085+0000] {processor.py:179} INFO - Processing /opt/airflow/dags/Scripts/etl.py took 0.246 seconds
[2023-11-21T00:28:55.474+0000] {processor.py:157} INFO - Started process (PID=5222) to work on /opt/airflow/dags/Scripts/etl.py
[2023-11-21T00:28:55.476+0000] {processor.py:829} INFO - Processing file /opt/airflow/dags/Scripts/etl.py for tasks to queue
[2023-11-21T00:28:55.479+0000] {logging_mixin.py:154} INFO - [2023-11-21T00:28:55.478+0000] {dagbag.py:536} INFO - Filling up the DagBag from /opt/airflow/dags/Scripts/etl.py
[2023-11-21T00:28:55.722+0000] {processor.py:841} WARNING - No viable dags retrieved from /opt/airflow/dags/Scripts/etl.py
[2023-11-21T00:28:55.729+0000] {processor.py:179} INFO - Processing /opt/airflow/dags/Scripts/etl.py took 0.259 seconds
[2023-11-21T00:29:26.122+0000] {processor.py:157} INFO - Started process (PID=5233) to work on /opt/airflow/dags/Scripts/etl.py
[2023-11-21T00:29:26.124+0000] {processor.py:829} INFO - Processing file /opt/airflow/dags/Scripts/etl.py for tasks to queue
[2023-11-21T00:29:26.126+0000] {logging_mixin.py:154} INFO - [2023-11-21T00:29:26.126+0000] {dagbag.py:536} INFO - Filling up the DagBag from /opt/airflow/dags/Scripts/etl.py
[2023-11-21T00:29:26.314+0000] {processor.py:841} WARNING - No viable dags retrieved from /opt/airflow/dags/Scripts/etl.py
[2023-11-21T00:29:26.325+0000] {processor.py:179} INFO - Processing /opt/airflow/dags/Scripts/etl.py took 0.207 seconds
[2023-11-21T00:29:56.681+0000] {processor.py:157} INFO - Started process (PID=5244) to work on /opt/airflow/dags/Scripts/etl.py
[2023-11-21T00:29:56.682+0000] {processor.py:829} INFO - Processing file /opt/airflow/dags/Scripts/etl.py for tasks to queue
[2023-11-21T00:29:56.685+0000] {logging_mixin.py:154} INFO - [2023-11-21T00:29:56.684+0000] {dagbag.py:536} INFO - Filling up the DagBag from /opt/airflow/dags/Scripts/etl.py
[2023-11-21T00:29:57.005+0000] {processor.py:841} WARNING - No viable dags retrieved from /opt/airflow/dags/Scripts/etl.py
[2023-11-21T00:29:57.012+0000] {processor.py:179} INFO - Processing /opt/airflow/dags/Scripts/etl.py took 0.335 seconds
[2023-11-21T00:30:27.405+0000] {processor.py:157} INFO - Started process (PID=5255) to work on /opt/airflow/dags/Scripts/etl.py
[2023-11-21T00:30:27.406+0000] {processor.py:829} INFO - Processing file /opt/airflow/dags/Scripts/etl.py for tasks to queue
[2023-11-21T00:30:27.408+0000] {logging_mixin.py:154} INFO - [2023-11-21T00:30:27.408+0000] {dagbag.py:536} INFO - Filling up the DagBag from /opt/airflow/dags/Scripts/etl.py
[2023-11-21T00:30:27.657+0000] {processor.py:841} WARNING - No viable dags retrieved from /opt/airflow/dags/Scripts/etl.py
[2023-11-21T00:30:27.663+0000] {processor.py:179} INFO - Processing /opt/airflow/dags/Scripts/etl.py took 0.262 seconds
[2023-11-21T00:30:58.056+0000] {processor.py:157} INFO - Started process (PID=5266) to work on /opt/airflow/dags/Scripts/etl.py
[2023-11-21T00:30:58.057+0000] {processor.py:829} INFO - Processing file /opt/airflow/dags/Scripts/etl.py for tasks to queue
[2023-11-21T00:30:58.059+0000] {logging_mixin.py:154} INFO - [2023-11-21T00:30:58.059+0000] {dagbag.py:536} INFO - Filling up the DagBag from /opt/airflow/dags/Scripts/etl.py
[2023-11-21T00:30:58.206+0000] {processor.py:841} WARNING - No viable dags retrieved from /opt/airflow/dags/Scripts/etl.py
[2023-11-21T00:30:58.214+0000] {processor.py:179} INFO - Processing /opt/airflow/dags/Scripts/etl.py took 0.162 seconds
[2023-11-21T00:31:28.622+0000] {processor.py:157} INFO - Started process (PID=5277) to work on /opt/airflow/dags/Scripts/etl.py
[2023-11-21T00:31:28.623+0000] {processor.py:829} INFO - Processing file /opt/airflow/dags/Scripts/etl.py for tasks to queue
[2023-11-21T00:31:28.626+0000] {logging_mixin.py:154} INFO - [2023-11-21T00:31:28.626+0000] {dagbag.py:536} INFO - Filling up the DagBag from /opt/airflow/dags/Scripts/etl.py
[2023-11-21T00:31:28.919+0000] {processor.py:841} WARNING - No viable dags retrieved from /opt/airflow/dags/Scripts/etl.py
[2023-11-21T00:31:28.926+0000] {processor.py:179} INFO - Processing /opt/airflow/dags/Scripts/etl.py took 0.309 seconds
[2023-11-21T00:31:59.303+0000] {processor.py:157} INFO - Started process (PID=5288) to work on /opt/airflow/dags/Scripts/etl.py
[2023-11-21T00:31:59.304+0000] {processor.py:829} INFO - Processing file /opt/airflow/dags/Scripts/etl.py for tasks to queue
[2023-11-21T00:31:59.306+0000] {logging_mixin.py:154} INFO - [2023-11-21T00:31:59.306+0000] {dagbag.py:536} INFO - Filling up the DagBag from /opt/airflow/dags/Scripts/etl.py
[2023-11-21T00:31:59.535+0000] {processor.py:841} WARNING - No viable dags retrieved from /opt/airflow/dags/Scripts/etl.py
[2023-11-21T00:31:59.542+0000] {processor.py:179} INFO - Processing /opt/airflow/dags/Scripts/etl.py took 0.242 seconds
[2023-11-21T00:32:29.915+0000] {processor.py:157} INFO - Started process (PID=5299) to work on /opt/airflow/dags/Scripts/etl.py
[2023-11-21T00:32:29.916+0000] {processor.py:829} INFO - Processing file /opt/airflow/dags/Scripts/etl.py for tasks to queue
[2023-11-21T00:32:29.918+0000] {logging_mixin.py:154} INFO - [2023-11-21T00:32:29.918+0000] {dagbag.py:536} INFO - Filling up the DagBag from /opt/airflow/dags/Scripts/etl.py
[2023-11-21T00:32:30.057+0000] {processor.py:841} WARNING - No viable dags retrieved from /opt/airflow/dags/Scripts/etl.py
[2023-11-21T00:32:30.063+0000] {processor.py:179} INFO - Processing /opt/airflow/dags/Scripts/etl.py took 0.152 seconds
[2023-11-21T00:32:33.130+0000] {processor.py:157} INFO - Started process (PID=5302) to work on /opt/airflow/dags/Scripts/etl.py
[2023-11-21T00:32:33.132+0000] {processor.py:829} INFO - Processing file /opt/airflow/dags/Scripts/etl.py for tasks to queue
[2023-11-21T00:32:33.135+0000] {logging_mixin.py:154} INFO - [2023-11-21T00:32:33.134+0000] {dagbag.py:536} INFO - Filling up the DagBag from /opt/airflow/dags/Scripts/etl.py
[2023-11-21T00:32:33.282+0000] {processor.py:841} WARNING - No viable dags retrieved from /opt/airflow/dags/Scripts/etl.py
[2023-11-21T00:32:33.288+0000] {processor.py:179} INFO - Processing /opt/airflow/dags/Scripts/etl.py took 0.162 seconds
[2023-11-21T00:33:03.550+0000] {processor.py:157} INFO - Started process (PID=5313) to work on /opt/airflow/dags/Scripts/etl.py
[2023-11-21T00:33:03.552+0000] {processor.py:829} INFO - Processing file /opt/airflow/dags/Scripts/etl.py for tasks to queue
[2023-11-21T00:33:03.555+0000] {logging_mixin.py:154} INFO - [2023-11-21T00:33:03.555+0000] {dagbag.py:536} INFO - Filling up the DagBag from /opt/airflow/dags/Scripts/etl.py
[2023-11-21T00:33:03.822+0000] {processor.py:841} WARNING - No viable dags retrieved from /opt/airflow/dags/Scripts/etl.py
[2023-11-21T00:33:03.828+0000] {processor.py:179} INFO - Processing /opt/airflow/dags/Scripts/etl.py took 0.283 seconds
[2023-11-21T00:33:34.128+0000] {processor.py:157} INFO - Started process (PID=5324) to work on /opt/airflow/dags/Scripts/etl.py
[2023-11-21T00:33:34.130+0000] {processor.py:829} INFO - Processing file /opt/airflow/dags/Scripts/etl.py for tasks to queue
[2023-11-21T00:33:34.133+0000] {logging_mixin.py:154} INFO - [2023-11-21T00:33:34.132+0000] {dagbag.py:536} INFO - Filling up the DagBag from /opt/airflow/dags/Scripts/etl.py
[2023-11-21T00:33:34.343+0000] {processor.py:841} WARNING - No viable dags retrieved from /opt/airflow/dags/Scripts/etl.py
[2023-11-21T00:33:34.349+0000] {processor.py:179} INFO - Processing /opt/airflow/dags/Scripts/etl.py took 0.225 seconds
[2023-11-21T00:34:04.654+0000] {processor.py:157} INFO - Started process (PID=5335) to work on /opt/airflow/dags/Scripts/etl.py
[2023-11-21T00:34:04.655+0000] {processor.py:829} INFO - Processing file /opt/airflow/dags/Scripts/etl.py for tasks to queue
[2023-11-21T00:34:04.658+0000] {logging_mixin.py:154} INFO - [2023-11-21T00:34:04.658+0000] {dagbag.py:536} INFO - Filling up the DagBag from /opt/airflow/dags/Scripts/etl.py
[2023-11-21T00:34:04.801+0000] {processor.py:841} WARNING - No viable dags retrieved from /opt/airflow/dags/Scripts/etl.py
[2023-11-21T00:34:04.807+0000] {processor.py:179} INFO - Processing /opt/airflow/dags/Scripts/etl.py took 0.158 seconds
[2023-11-21T00:34:35.136+0000] {processor.py:157} INFO - Started process (PID=5346) to work on /opt/airflow/dags/Scripts/etl.py
[2023-11-21T00:34:35.137+0000] {processor.py:829} INFO - Processing file /opt/airflow/dags/Scripts/etl.py for tasks to queue
[2023-11-21T00:34:35.141+0000] {logging_mixin.py:154} INFO - [2023-11-21T00:34:35.140+0000] {dagbag.py:536} INFO - Filling up the DagBag from /opt/airflow/dags/Scripts/etl.py
[2023-11-21T00:34:35.351+0000] {processor.py:841} WARNING - No viable dags retrieved from /opt/airflow/dags/Scripts/etl.py
[2023-11-21T00:34:35.357+0000] {processor.py:179} INFO - Processing /opt/airflow/dags/Scripts/etl.py took 0.226 seconds
[2023-11-21T00:35:05.726+0000] {processor.py:157} INFO - Started process (PID=5357) to work on /opt/airflow/dags/Scripts/etl.py
[2023-11-21T00:35:05.728+0000] {processor.py:829} INFO - Processing file /opt/airflow/dags/Scripts/etl.py for tasks to queue
[2023-11-21T00:35:05.731+0000] {logging_mixin.py:154} INFO - [2023-11-21T00:35:05.731+0000] {dagbag.py:536} INFO - Filling up the DagBag from /opt/airflow/dags/Scripts/etl.py
[2023-11-21T00:35:05.943+0000] {processor.py:841} WARNING - No viable dags retrieved from /opt/airflow/dags/Scripts/etl.py
[2023-11-21T00:35:05.949+0000] {processor.py:179} INFO - Processing /opt/airflow/dags/Scripts/etl.py took 0.227 seconds
[2023-11-21T00:35:36.381+0000] {processor.py:157} INFO - Started process (PID=5368) to work on /opt/airflow/dags/Scripts/etl.py
[2023-11-21T00:35:36.382+0000] {processor.py:829} INFO - Processing file /opt/airflow/dags/Scripts/etl.py for tasks to queue
[2023-11-21T00:35:36.385+0000] {logging_mixin.py:154} INFO - [2023-11-21T00:35:36.384+0000] {dagbag.py:536} INFO - Filling up the DagBag from /opt/airflow/dags/Scripts/etl.py
[2023-11-21T00:35:36.595+0000] {processor.py:841} WARNING - No viable dags retrieved from /opt/airflow/dags/Scripts/etl.py
[2023-11-21T00:35:36.600+0000] {processor.py:179} INFO - Processing /opt/airflow/dags/Scripts/etl.py took 0.225 seconds
[2023-11-21T00:36:06.944+0000] {processor.py:157} INFO - Started process (PID=5379) to work on /opt/airflow/dags/Scripts/etl.py
[2023-11-21T00:36:06.945+0000] {processor.py:829} INFO - Processing file /opt/airflow/dags/Scripts/etl.py for tasks to queue
[2023-11-21T00:36:06.948+0000] {logging_mixin.py:154} INFO - [2023-11-21T00:36:06.948+0000] {dagbag.py:536} INFO - Filling up the DagBag from /opt/airflow/dags/Scripts/etl.py
[2023-11-21T00:36:07.161+0000] {processor.py:841} WARNING - No viable dags retrieved from /opt/airflow/dags/Scripts/etl.py
[2023-11-21T00:36:07.167+0000] {processor.py:179} INFO - Processing /opt/airflow/dags/Scripts/etl.py took 0.228 seconds
[2023-11-21T00:36:37.476+0000] {processor.py:157} INFO - Started process (PID=5390) to work on /opt/airflow/dags/Scripts/etl.py
[2023-11-21T00:36:37.477+0000] {processor.py:829} INFO - Processing file /opt/airflow/dags/Scripts/etl.py for tasks to queue
[2023-11-21T00:36:37.480+0000] {logging_mixin.py:154} INFO - [2023-11-21T00:36:37.480+0000] {dagbag.py:536} INFO - Filling up the DagBag from /opt/airflow/dags/Scripts/etl.py
[2023-11-21T00:36:37.701+0000] {processor.py:841} WARNING - No viable dags retrieved from /opt/airflow/dags/Scripts/etl.py
[2023-11-21T00:36:37.706+0000] {processor.py:179} INFO - Processing /opt/airflow/dags/Scripts/etl.py took 0.235 seconds
[2023-11-21T00:37:08.006+0000] {processor.py:157} INFO - Started process (PID=5401) to work on /opt/airflow/dags/Scripts/etl.py
[2023-11-21T00:37:08.007+0000] {processor.py:829} INFO - Processing file /opt/airflow/dags/Scripts/etl.py for tasks to queue
[2023-11-21T00:37:08.011+0000] {logging_mixin.py:154} INFO - [2023-11-21T00:37:08.010+0000] {dagbag.py:536} INFO - Filling up the DagBag from /opt/airflow/dags/Scripts/etl.py
[2023-11-21T00:37:08.234+0000] {processor.py:841} WARNING - No viable dags retrieved from /opt/airflow/dags/Scripts/etl.py
[2023-11-21T00:37:08.239+0000] {processor.py:179} INFO - Processing /opt/airflow/dags/Scripts/etl.py took 0.238 seconds
[2023-11-21T00:37:38.577+0000] {processor.py:157} INFO - Started process (PID=5412) to work on /opt/airflow/dags/Scripts/etl.py
[2023-11-21T00:37:38.578+0000] {processor.py:829} INFO - Processing file /opt/airflow/dags/Scripts/etl.py for tasks to queue
[2023-11-21T00:37:38.581+0000] {logging_mixin.py:154} INFO - [2023-11-21T00:37:38.581+0000] {dagbag.py:536} INFO - Filling up the DagBag from /opt/airflow/dags/Scripts/etl.py
[2023-11-21T00:37:38.797+0000] {processor.py:841} WARNING - No viable dags retrieved from /opt/airflow/dags/Scripts/etl.py
[2023-11-21T00:37:38.802+0000] {processor.py:179} INFO - Processing /opt/airflow/dags/Scripts/etl.py took 0.231 seconds
[2023-11-21T00:38:09.096+0000] {processor.py:157} INFO - Started process (PID=5423) to work on /opt/airflow/dags/Scripts/etl.py
[2023-11-21T00:38:09.098+0000] {processor.py:829} INFO - Processing file /opt/airflow/dags/Scripts/etl.py for tasks to queue
[2023-11-21T00:38:09.100+0000] {logging_mixin.py:154} INFO - [2023-11-21T00:38:09.100+0000] {dagbag.py:536} INFO - Filling up the DagBag from /opt/airflow/dags/Scripts/etl.py
[2023-11-21T00:38:09.309+0000] {processor.py:841} WARNING - No viable dags retrieved from /opt/airflow/dags/Scripts/etl.py
[2023-11-21T00:38:09.314+0000] {processor.py:179} INFO - Processing /opt/airflow/dags/Scripts/etl.py took 0.223 seconds
[2023-11-21T00:38:39.641+0000] {processor.py:157} INFO - Started process (PID=5434) to work on /opt/airflow/dags/Scripts/etl.py
[2023-11-21T00:38:39.643+0000] {processor.py:829} INFO - Processing file /opt/airflow/dags/Scripts/etl.py for tasks to queue
[2023-11-21T00:38:39.646+0000] {logging_mixin.py:154} INFO - [2023-11-21T00:38:39.646+0000] {dagbag.py:536} INFO - Filling up the DagBag from /opt/airflow/dags/Scripts/etl.py
[2023-11-21T00:38:39.890+0000] {processor.py:841} WARNING - No viable dags retrieved from /opt/airflow/dags/Scripts/etl.py
[2023-11-21T00:38:39.895+0000] {processor.py:179} INFO - Processing /opt/airflow/dags/Scripts/etl.py took 0.259 seconds
[2023-11-21T00:39:10.153+0000] {processor.py:157} INFO - Started process (PID=5445) to work on /opt/airflow/dags/Scripts/etl.py
[2023-11-21T00:39:10.154+0000] {processor.py:829} INFO - Processing file /opt/airflow/dags/Scripts/etl.py for tasks to queue
[2023-11-21T00:39:10.157+0000] {logging_mixin.py:154} INFO - [2023-11-21T00:39:10.156+0000] {dagbag.py:536} INFO - Filling up the DagBag from /opt/airflow/dags/Scripts/etl.py
[2023-11-21T00:39:10.383+0000] {processor.py:841} WARNING - No viable dags retrieved from /opt/airflow/dags/Scripts/etl.py
[2023-11-21T00:39:10.388+0000] {processor.py:179} INFO - Processing /opt/airflow/dags/Scripts/etl.py took 0.239 seconds
[2023-11-21T00:39:40.765+0000] {processor.py:157} INFO - Started process (PID=5456) to work on /opt/airflow/dags/Scripts/etl.py
[2023-11-21T00:39:40.767+0000] {processor.py:829} INFO - Processing file /opt/airflow/dags/Scripts/etl.py for tasks to queue
[2023-11-21T00:39:40.770+0000] {logging_mixin.py:154} INFO - [2023-11-21T00:39:40.769+0000] {dagbag.py:536} INFO - Filling up the DagBag from /opt/airflow/dags/Scripts/etl.py
[2023-11-21T00:39:40.978+0000] {processor.py:841} WARNING - No viable dags retrieved from /opt/airflow/dags/Scripts/etl.py
[2023-11-21T00:39:40.983+0000] {processor.py:179} INFO - Processing /opt/airflow/dags/Scripts/etl.py took 0.223 seconds
[2023-11-21T00:40:11.337+0000] {processor.py:157} INFO - Started process (PID=5467) to work on /opt/airflow/dags/Scripts/etl.py
[2023-11-21T00:40:11.339+0000] {processor.py:829} INFO - Processing file /opt/airflow/dags/Scripts/etl.py for tasks to queue
[2023-11-21T00:40:11.341+0000] {logging_mixin.py:154} INFO - [2023-11-21T00:40:11.341+0000] {dagbag.py:536} INFO - Filling up the DagBag from /opt/airflow/dags/Scripts/etl.py
[2023-11-21T00:40:11.551+0000] {processor.py:841} WARNING - No viable dags retrieved from /opt/airflow/dags/Scripts/etl.py
[2023-11-21T00:40:11.556+0000] {processor.py:179} INFO - Processing /opt/airflow/dags/Scripts/etl.py took 0.224 seconds
[2023-11-21T00:40:41.839+0000] {processor.py:157} INFO - Started process (PID=5478) to work on /opt/airflow/dags/Scripts/etl.py
[2023-11-21T00:40:41.841+0000] {processor.py:829} INFO - Processing file /opt/airflow/dags/Scripts/etl.py for tasks to queue
[2023-11-21T00:40:41.844+0000] {logging_mixin.py:154} INFO - [2023-11-21T00:40:41.843+0000] {dagbag.py:536} INFO - Filling up the DagBag from /opt/airflow/dags/Scripts/etl.py
[2023-11-21T00:40:42.066+0000] {processor.py:841} WARNING - No viable dags retrieved from /opt/airflow/dags/Scripts/etl.py
[2023-11-21T00:40:42.071+0000] {processor.py:179} INFO - Processing /opt/airflow/dags/Scripts/etl.py took 0.238 seconds
[2023-11-21T00:41:12.415+0000] {processor.py:157} INFO - Started process (PID=5489) to work on /opt/airflow/dags/Scripts/etl.py
[2023-11-21T00:41:12.416+0000] {processor.py:829} INFO - Processing file /opt/airflow/dags/Scripts/etl.py for tasks to queue
[2023-11-21T00:41:12.419+0000] {logging_mixin.py:154} INFO - [2023-11-21T00:41:12.419+0000] {dagbag.py:536} INFO - Filling up the DagBag from /opt/airflow/dags/Scripts/etl.py
[2023-11-21T00:41:12.632+0000] {processor.py:841} WARNING - No viable dags retrieved from /opt/airflow/dags/Scripts/etl.py
[2023-11-21T00:41:12.637+0000] {processor.py:179} INFO - Processing /opt/airflow/dags/Scripts/etl.py took 0.226 seconds
[2023-11-21T00:41:42.933+0000] {processor.py:157} INFO - Started process (PID=5500) to work on /opt/airflow/dags/Scripts/etl.py
[2023-11-21T00:41:42.934+0000] {processor.py:829} INFO - Processing file /opt/airflow/dags/Scripts/etl.py for tasks to queue
[2023-11-21T00:41:42.937+0000] {logging_mixin.py:154} INFO - [2023-11-21T00:41:42.937+0000] {dagbag.py:536} INFO - Filling up the DagBag from /opt/airflow/dags/Scripts/etl.py
[2023-11-21T00:41:43.147+0000] {processor.py:841} WARNING - No viable dags retrieved from /opt/airflow/dags/Scripts/etl.py
[2023-11-21T00:41:43.152+0000] {processor.py:179} INFO - Processing /opt/airflow/dags/Scripts/etl.py took 0.224 seconds
[2023-11-21T00:42:13.454+0000] {processor.py:157} INFO - Started process (PID=5511) to work on /opt/airflow/dags/Scripts/etl.py
[2023-11-21T00:42:13.455+0000] {processor.py:829} INFO - Processing file /opt/airflow/dags/Scripts/etl.py for tasks to queue
[2023-11-21T00:42:13.458+0000] {logging_mixin.py:154} INFO - [2023-11-21T00:42:13.457+0000] {dagbag.py:536} INFO - Filling up the DagBag from /opt/airflow/dags/Scripts/etl.py
[2023-11-21T00:42:13.670+0000] {processor.py:841} WARNING - No viable dags retrieved from /opt/airflow/dags/Scripts/etl.py
[2023-11-21T00:42:13.675+0000] {processor.py:179} INFO - Processing /opt/airflow/dags/Scripts/etl.py took 0.226 seconds
[2023-11-21T00:42:43.983+0000] {processor.py:157} INFO - Started process (PID=5522) to work on /opt/airflow/dags/Scripts/etl.py
[2023-11-21T00:42:43.984+0000] {processor.py:829} INFO - Processing file /opt/airflow/dags/Scripts/etl.py for tasks to queue
[2023-11-21T00:42:43.987+0000] {logging_mixin.py:154} INFO - [2023-11-21T00:42:43.987+0000] {dagbag.py:536} INFO - Filling up the DagBag from /opt/airflow/dags/Scripts/etl.py
[2023-11-21T00:42:44.198+0000] {processor.py:841} WARNING - No viable dags retrieved from /opt/airflow/dags/Scripts/etl.py
[2023-11-21T00:42:44.203+0000] {processor.py:179} INFO - Processing /opt/airflow/dags/Scripts/etl.py took 0.225 seconds
[2023-11-21T00:43:14.533+0000] {processor.py:157} INFO - Started process (PID=5533) to work on /opt/airflow/dags/Scripts/etl.py
[2023-11-21T00:43:14.535+0000] {processor.py:829} INFO - Processing file /opt/airflow/dags/Scripts/etl.py for tasks to queue
[2023-11-21T00:43:14.539+0000] {logging_mixin.py:154} INFO - [2023-11-21T00:43:14.538+0000] {dagbag.py:536} INFO - Filling up the DagBag from /opt/airflow/dags/Scripts/etl.py
[2023-11-21T00:43:14.919+0000] {processor.py:841} WARNING - No viable dags retrieved from /opt/airflow/dags/Scripts/etl.py
[2023-11-21T00:43:14.926+0000] {processor.py:179} INFO - Processing /opt/airflow/dags/Scripts/etl.py took 0.399 seconds
[2023-11-21T00:43:44.958+0000] {processor.py:157} INFO - Started process (PID=5544) to work on /opt/airflow/dags/Scripts/etl.py
[2023-11-21T00:43:44.959+0000] {processor.py:829} INFO - Processing file /opt/airflow/dags/Scripts/etl.py for tasks to queue
[2023-11-21T00:43:44.962+0000] {logging_mixin.py:154} INFO - [2023-11-21T00:43:44.961+0000] {dagbag.py:536} INFO - Filling up the DagBag from /opt/airflow/dags/Scripts/etl.py
[2023-11-21T00:43:45.167+0000] {processor.py:841} WARNING - No viable dags retrieved from /opt/airflow/dags/Scripts/etl.py
[2023-11-21T00:43:45.173+0000] {processor.py:179} INFO - Processing /opt/airflow/dags/Scripts/etl.py took 0.219 seconds
[2023-11-21T00:44:15.477+0000] {processor.py:157} INFO - Started process (PID=5555) to work on /opt/airflow/dags/Scripts/etl.py
[2023-11-21T00:44:15.478+0000] {processor.py:829} INFO - Processing file /opt/airflow/dags/Scripts/etl.py for tasks to queue
[2023-11-21T00:44:15.481+0000] {logging_mixin.py:154} INFO - [2023-11-21T00:44:15.481+0000] {dagbag.py:536} INFO - Filling up the DagBag from /opt/airflow/dags/Scripts/etl.py
[2023-11-21T00:44:15.694+0000] {processor.py:841} WARNING - No viable dags retrieved from /opt/airflow/dags/Scripts/etl.py
[2023-11-21T00:44:15.699+0000] {processor.py:179} INFO - Processing /opt/airflow/dags/Scripts/etl.py took 0.228 seconds
[2023-11-21T00:44:45.981+0000] {processor.py:157} INFO - Started process (PID=5566) to work on /opt/airflow/dags/Scripts/etl.py
[2023-11-21T00:44:45.983+0000] {processor.py:829} INFO - Processing file /opt/airflow/dags/Scripts/etl.py for tasks to queue
[2023-11-21T00:44:45.986+0000] {logging_mixin.py:154} INFO - [2023-11-21T00:44:45.986+0000] {dagbag.py:536} INFO - Filling up the DagBag from /opt/airflow/dags/Scripts/etl.py
[2023-11-21T00:44:46.223+0000] {processor.py:841} WARNING - No viable dags retrieved from /opt/airflow/dags/Scripts/etl.py
[2023-11-21T00:44:46.234+0000] {processor.py:179} INFO - Processing /opt/airflow/dags/Scripts/etl.py took 0.259 seconds
