[2023-11-20T08:43:27.370+0000] {taskinstance.py:1159} INFO - Dependencies all met for dep_context=non-requeueable deps ti=<TaskInstance: austin_animal_shelter_dag.transform_data scheduled__2023-11-03T00:00:00+00:00 [queued]>
[2023-11-20T08:43:27.377+0000] {taskinstance.py:1159} INFO - Dependencies all met for dep_context=requeueable deps ti=<TaskInstance: austin_animal_shelter_dag.transform_data scheduled__2023-11-03T00:00:00+00:00 [queued]>
[2023-11-20T08:43:27.379+0000] {taskinstance.py:1361} INFO - Starting attempt 1 of 2
[2023-11-20T08:43:27.398+0000] {taskinstance.py:1382} INFO - Executing <Task(PythonOperator): transform_data> on 2023-11-03 00:00:00+00:00
[2023-11-20T08:43:27.410+0000] {standard_task_runner.py:57} INFO - Started process 133 to run task
[2023-11-20T08:43:27.421+0000] {standard_task_runner.py:84} INFO - Running: ['***', 'tasks', 'run', 'austin_animal_shelter_dag', 'transform_data', 'scheduled__2023-11-03T00:00:00+00:00', '--job-id', '22', '--raw', '--subdir', 'DAGS_FOLDER/DAG.py', '--cfg-path', '/tmp/tmpewv6rbeg']
[2023-11-20T08:43:27.443+0000] {standard_task_runner.py:85} INFO - Job 22: Subtask transform_data
[2023-11-20T08:43:27.526+0000] {task_command.py:416} INFO - Running <TaskInstance: austin_animal_shelter_dag.transform_data scheduled__2023-11-03T00:00:00+00:00 [running]> on host c84b35a13244
[2023-11-20T08:43:27.599+0000] {taskinstance.py:1662} INFO - Exporting env vars: AIRFLOW_CTX_DAG_OWNER='***' AIRFLOW_CTX_DAG_ID='austin_animal_shelter_dag' AIRFLOW_CTX_TASK_ID='transform_data' AIRFLOW_CTX_EXECUTION_DATE='2023-11-03T00:00:00+00:00' AIRFLOW_CTX_TRY_NUMBER='1' AIRFLOW_CTX_DAG_RUN_ID='scheduled__2023-11-03T00:00:00+00:00'
[2023-11-20T08:43:28.634+0000] {python.py:194} INFO - Done. Returned value was: None
[2023-11-20T08:43:28.641+0000] {taskinstance.py:1400} INFO - Marking task as SUCCESS. dag_id=austin_animal_shelter_dag, task_id=transform_data, execution_date=20231103T000000, start_date=20231120T084327, end_date=20231120T084328
[2023-11-20T08:43:28.658+0000] {local_task_job_runner.py:228} INFO - Task exited with return code 0
[2023-11-20T08:43:28.675+0000] {taskinstance.py:2778} INFO - 1 downstream tasks scheduled from follow-on schedule check
[2023-11-20T08:46:42.120+0000] {taskinstance.py:1159} INFO - Dependencies all met for dep_context=non-requeueable deps ti=<TaskInstance: austin_animal_shelter_dag.transform_data scheduled__2023-11-03T00:00:00+00:00 [queued]>
[2023-11-20T08:46:42.130+0000] {taskinstance.py:1159} INFO - Dependencies all met for dep_context=requeueable deps ti=<TaskInstance: austin_animal_shelter_dag.transform_data scheduled__2023-11-03T00:00:00+00:00 [queued]>
[2023-11-20T08:46:42.130+0000] {taskinstance.py:1361} INFO - Starting attempt 1 of 2
[2023-11-20T08:46:42.178+0000] {taskinstance.py:1382} INFO - Executing <Task(PythonOperator): transform_data> on 2023-11-03 00:00:00+00:00
[2023-11-20T08:46:42.185+0000] {standard_task_runner.py:57} INFO - Started process 143 to run task
[2023-11-20T08:46:42.191+0000] {standard_task_runner.py:84} INFO - Running: ['***', 'tasks', 'run', 'austin_animal_shelter_dag', 'transform_data', 'scheduled__2023-11-03T00:00:00+00:00', '--job-id', '28', '--raw', '--subdir', 'DAGS_FOLDER/DAG.py', '--cfg-path', '/tmp/tmp8opi4ket']
[2023-11-20T08:46:42.197+0000] {standard_task_runner.py:85} INFO - Job 28: Subtask transform_data
[2023-11-20T08:46:42.271+0000] {task_command.py:416} INFO - Running <TaskInstance: austin_animal_shelter_dag.transform_data scheduled__2023-11-03T00:00:00+00:00 [running]> on host d26cbef9e8ab
[2023-11-20T08:46:42.377+0000] {taskinstance.py:1662} INFO - Exporting env vars: AIRFLOW_CTX_DAG_OWNER='***' AIRFLOW_CTX_DAG_ID='austin_animal_shelter_dag' AIRFLOW_CTX_TASK_ID='transform_data' AIRFLOW_CTX_EXECUTION_DATE='2023-11-03T00:00:00+00:00' AIRFLOW_CTX_TRY_NUMBER='1' AIRFLOW_CTX_DAG_RUN_ID='scheduled__2023-11-03T00:00:00+00:00'
[2023-11-20T08:46:43.491+0000] {python.py:194} INFO - Done. Returned value was: None
[2023-11-20T08:46:43.499+0000] {taskinstance.py:1400} INFO - Marking task as SUCCESS. dag_id=austin_animal_shelter_dag, task_id=transform_data, execution_date=20231103T000000, start_date=20231120T084642, end_date=20231120T084643
[2023-11-20T08:46:43.511+0000] {local_task_job_runner.py:228} INFO - Task exited with return code 0
[2023-11-20T08:46:43.523+0000] {taskinstance.py:2778} INFO - 1 downstream tasks scheduled from follow-on schedule check
[2023-11-20T08:50:21.195+0000] {taskinstance.py:1159} INFO - Dependencies all met for dep_context=non-requeueable deps ti=<TaskInstance: austin_animal_shelter_dag.transform_data scheduled__2023-11-03T00:00:00+00:00 [queued]>
[2023-11-20T08:50:21.221+0000] {taskinstance.py:1159} INFO - Dependencies all met for dep_context=requeueable deps ti=<TaskInstance: austin_animal_shelter_dag.transform_data scheduled__2023-11-03T00:00:00+00:00 [queued]>
[2023-11-20T08:50:21.223+0000] {taskinstance.py:1361} INFO - Starting attempt 1 of 2
[2023-11-20T08:50:21.252+0000] {taskinstance.py:1382} INFO - Executing <Task(PythonOperator): transform_data> on 2023-11-03 00:00:00+00:00
[2023-11-20T08:50:21.265+0000] {standard_task_runner.py:57} INFO - Started process 129 to run task
[2023-11-20T08:50:21.273+0000] {standard_task_runner.py:84} INFO - Running: ['***', 'tasks', 'run', 'austin_animal_shelter_dag', 'transform_data', 'scheduled__2023-11-03T00:00:00+00:00', '--job-id', '21', '--raw', '--subdir', 'DAGS_FOLDER/DAG.py', '--cfg-path', '/tmp/tmpfq80_z_s']
[2023-11-20T08:50:21.278+0000] {standard_task_runner.py:85} INFO - Job 21: Subtask transform_data
[2023-11-20T08:50:21.393+0000] {task_command.py:416} INFO - Running <TaskInstance: austin_animal_shelter_dag.transform_data scheduled__2023-11-03T00:00:00+00:00 [running]> on host 3ef39241d6e6
[2023-11-20T08:50:21.484+0000] {taskinstance.py:1662} INFO - Exporting env vars: AIRFLOW_CTX_DAG_OWNER='***' AIRFLOW_CTX_DAG_ID='austin_animal_shelter_dag' AIRFLOW_CTX_TASK_ID='transform_data' AIRFLOW_CTX_EXECUTION_DATE='2023-11-03T00:00:00+00:00' AIRFLOW_CTX_TRY_NUMBER='1' AIRFLOW_CTX_DAG_RUN_ID='scheduled__2023-11-03T00:00:00+00:00'
[2023-11-20T08:50:22.922+0000] {python.py:194} INFO - Done. Returned value was: None
[2023-11-20T08:50:22.932+0000] {taskinstance.py:1400} INFO - Marking task as SUCCESS. dag_id=austin_animal_shelter_dag, task_id=transform_data, execution_date=20231103T000000, start_date=20231120T085021, end_date=20231120T085022
[2023-11-20T08:50:22.982+0000] {local_task_job_runner.py:228} INFO - Task exited with return code 0
[2023-11-20T08:50:23.032+0000] {taskinstance.py:2778} INFO - 1 downstream tasks scheduled from follow-on schedule check
